#
# There is insufficient memory for the Java Runtime Environment to continue.
# Native memory allocation (mmap) failed to map 65536 bytes for Failed to commit area from 0x000000cea8120000 to 0x000000cea8130000 of length 65536.
# Possible reasons:
#   The system is out of physical RAM or swap space
#   The process is running with CompressedOops enabled, and the Java Heap may be blocking the growth of the native heap
# Possible solutions:
#   Reduce memory load on the system
#   Increase physical memory or swap space
#   Check if swap backing store is full
#   Decrease Java heap size (-Xmx/-Xms)
#   Decrease number of Java threads
#   Decrease Java thread stack sizes (-Xss)
#   Set larger code cache with -XX:ReservedCodeCacheSize=
#   JVM is running with Unscaled Compressed Oops mode in which the Java heap is
#     placed in the first 4GB address space. The Java Heap base address is the
#     maximum limit for the native heap growth. Please use -XX:HeapBaseMinAddress
#     to set the Java Heap base and to place the Java Heap above 4GB virtual address.
# This output file may be truncated or incomplete.
#
#  Out of Memory Error (./src/hotspot/os/windows/os_windows.cpp:3301), pid=8520, tid=7396
#
# JRE version: OpenJDK Runtime Environment (11.0.10) (build 11.0.10+0-b96-7249189)
# Java VM: OpenJDK 64-Bit Server VM (11.0.10+0-b96-7249189, mixed mode, tiered, compressed oops, g1 gc, windows-amd64)
# No core dump will be written. Minidumps are not enabled by default on client versions of Windows
#

---------------  S U M M A R Y ------------

Command Line: --add-opens=java.base/java.util=ALL-UNNAMED --add-opens=java.base/java.lang=ALL-UNNAMED --add-opens=java.base/java.lang.invoke=ALL-UNNAMED --add-opens=java.base/java.util=ALL-UNNAMED --add-opens=java.prefs/java.util.prefs=ALL-UNNAMED --add-opens=java.prefs/java.util.prefs=ALL-UNNAMED --add-opens=java.base/java.nio.charset=ALL-UNNAMED --add-opens=java.base/java.net=ALL-UNNAMED --add-opens=java.base/java.util.concurrent.atomic=ALL-UNNAMED -Xmx2048m -Dfile.encoding=UTF-8 -Duser.country=US -Duser.language=en -Duser.variant org.gradle.launcher.daemon.bootstrap.GradleDaemon 7.0.2

Host: Intel(R) Core(TM) i7-5500U CPU @ 2.40GHz, 4 cores, 7G,  Windows 8.1 , 64 bit Build 9600 (6.3.9600.19843)
Time: Sat Sep  4 14:14:06 2021 Pacific Daylight Time elapsed time: 7965.286393 seconds (0d 2h 12m 45s)

---------------  T H R E A D  ---------------

Current thread (0x000000ceafe03800):  VMThread "VM Thread" [stack: 0x000000ceb0200000,0x000000ceb0300000] [id=7396]

Stack: [0x000000ceb0200000,0x000000ceb0300000]
[error occurred during error reporting (printing stack bounds), id 0xc0000005, EXCEPTION_ACCESS_VIOLATION (0xc0000005) at pc=0x000000ce98fb0f2d]

Native frames: (J=compiled Java code, j=interpreted, Vv=VM code, C=native code)
V  [jvm.dll+0x5ecfaa]
V  [jvm.dll+0x722bd5]
V  [jvm.dll+0x72412d]
V  [jvm.dll+0x724745]
V  [jvm.dll+0x7246fb]
V  [jvm.dll+0x5ec348]
V  [jvm.dll+0x5ecad8]
C  [ntdll.dll+0x9345d]
C  [ntdll.dll+0x54937]
C  [ntdll.dll+0x925ea]
C  0x000000ce98fb0f2d

VM_Operation (0x000000cebbe99990): G1CollectForAllocation, mode: safepoint, requested by thread 0x000000ceb875a800


---------------  P R O C E S S  ---------------

Threads class SMR info:
_java_thread_list=0x000000cebb7c87c0, length=55, elements={
0x000000ce954fa800, 0x000000ceaf3ed000, 0x000000ceaf3f6800, 0x000000ceaf3fe800,
0x000000ceafe4b800, 0x000000ceafe4d000, 0x000000ceafe52800, 0x000000ceafe58800,
0x000000ceafe62000, 0x000000ceaffc4000, 0x000000ceb2ba8000, 0x000000ceb2ba8800,
0x000000ceb2ba6800, 0x000000ceb24f3800, 0x000000ceb24f2000, 0x000000ceb24f3000,
0x000000ceb24f7000, 0x000000ceb24f4800, 0x000000ceb24fb000, 0x000000ceb24fd800,
0x000000ceb24fc800, 0x000000ceb24fe000, 0x000000ceb2bad000, 0x000000ceb3048800,
0x000000ceb24f7800, 0x000000ceb8751800, 0x000000ceb2ba9800, 0x000000ceb2ba7000,
0x000000ceb2bac000, 0x000000ceb874b800, 0x000000ceb874c800, 0x000000ceb874f000,
0x000000ceb8752000, 0x000000ceb874f800, 0x000000ceb8750800, 0x000000ceb8755800,
0x000000ceb8753000, 0x000000ceb8754800, 0x000000ceb8756000, 0x000000ceb8759800,
0x000000ceb8757000, 0x000000ceb8758000, 0x000000ceb875a800, 0x000000ceb8758800,
0x000000ceb3045000, 0x000000ceb3046000, 0x000000ceb3046800, 0x000000ceb3044000,
0x000000ceb3049000, 0x000000ceb304a000, 0x000000ceb3047800, 0x000000ceb304c800,
0x000000ceb304b800, 0x000000ceb304a800, 0x000000ceb15b7000
}

Java Threads: ( => current thread )
  0x000000ce954fa800 JavaThread "main" [_thread_blocked, id=8428, stack(0x000000ce94ba0000,0x000000ce94ca0000)]
  0x000000ceaf3ed000 JavaThread "Reference Handler" daemon [_thread_blocked, id=5852, stack(0x000000ceb0300000,0x000000ceb0400000)]
  0x000000ceaf3f6800 JavaThread "Finalizer" daemon [_thread_blocked, id=8880, stack(0x000000ceb0400000,0x000000ceb0500000)]
  0x000000ceaf3fe800 JavaThread "Signal Dispatcher" daemon [_thread_blocked, id=5324, stack(0x000000ceb05e0000,0x000000ceb06e0000)]
  0x000000ceafe4b800 JavaThread "Attach Listener" daemon [_thread_blocked, id=4816, stack(0x000000ceb06e0000,0x000000ceb07e0000)]
  0x000000ceafe4d000 JavaThread "Service Thread" daemon [_thread_blocked, id=2104, stack(0x000000ceb07e0000,0x000000ceb08e0000)]
  0x000000ceafe52800 JavaThread "C2 CompilerThread0" daemon [_thread_in_native, id=3256, stack(0x000000ceb08e0000,0x000000ceb09e0000)]
  0x000000ceafe58800 JavaThread "C1 CompilerThread0" daemon [_thread_blocked, id=6684, stack(0x000000ceb09e0000,0x000000ceb0ae0000)]
  0x000000ceafe62000 JavaThread "Sweeper thread" daemon [_thread_blocked, id=7376, stack(0x000000ceb0ae0000,0x000000ceb0be0000)]
  0x000000ceaffc4000 JavaThread "Common-Cleaner" daemon [_thread_blocked, id=8660, stack(0x000000ceb0be0000,0x000000ceb0ce0000)]
  0x000000ceb2ba8000 JavaThread "Daemon health stats" [_thread_blocked, id=4788, stack(0x000000ceb25b0000,0x000000ceb26b0000)]
  0x000000ceb2ba8800 JavaThread "Incoming local TCP Connector on port 61281" [_thread_in_native, id=7124, stack(0x000000ceb3e80000,0x000000ceb3f80000)]
  0x000000ceb2ba6800 JavaThread "Daemon periodic checks" [_thread_blocked, id=8540, stack(0x000000ceb5460000,0x000000ceb5560000)]
  0x000000ceb24f3800 JavaThread "Cache worker for file hash cache (C:\Users\Natty Rock\.gradle\caches\7.0.2\fileHashes)" [_thread_blocked, id=3340, stack(0x000000ceb6360000,0x000000ceb6460000)]
  0x000000ceb24f2000 JavaThread "File lock request listener" [_thread_in_native, id=7556, stack(0x000000ceb6460000,0x000000ceb6560000)]
  0x000000ceb24f3000 JavaThread "Cache worker for journal cache (C:\Users\Natty Rock\.gradle\caches\journal-1)" [_thread_blocked, id=8116, stack(0x000000ceb6760000,0x000000ceb6860000)]
  0x000000ceb24f7000 JavaThread "File watcher server" daemon [_thread_blocked, id=1716, stack(0x000000ceb6b60000,0x000000ceb6c60000)]
  0x000000ceb24f4800 JavaThread "File watcher consumer" daemon [_thread_blocked, id=6312, stack(0x000000ceb6c60000,0x000000ceb6d60000)]
  0x000000ceb24fb000 JavaThread "Cache worker for execution history cache (C:\Users\Natty Rock\.gradle\caches\7.0.2\executionHistory)" [_thread_blocked, id=208, stack(0x000000ceb7060000,0x000000ceb7160000)]
  0x000000ceb24fd800 JavaThread "jar transforms" [_thread_blocked, id=5644, stack(0x000000ceb6160000,0x000000ceb6260000)]
  0x000000ceb24fc800 JavaThread "jar transforms Thread 2" [_thread_blocked, id=2532, stack(0x000000ceb8c50000,0x000000ceb8d50000)]
  0x000000ceb24fe000 JavaThread "Cache worker for file content cache (C:\Users\Natty Rock\.gradle\caches\7.0.2\fileContent)" [_thread_blocked, id=3440, stack(0x000000ceb8d50000,0x000000ceb8e50000)]
  0x000000ceb2bad000 JavaThread "jar transforms Thread 3" [_thread_blocked, id=7436, stack(0x000000ceb9350000,0x000000ceb9450000)]
  0x000000ceb3048800 JavaThread "jar transforms Thread 4" [_thread_blocked, id=4480, stack(0x000000ceb9c50000,0x000000ceb9d50000)]
  0x000000ceb24f7800 JavaThread "Memory manager" [_thread_blocked, id=6856, stack(0x000000ceba850000,0x000000ceba950000)]
  0x000000ceb8751800 JavaThread "Cache worker for Java compile cache (C:\Users\Natty Rock\.gradle\caches\7.0.2\javaCompile)" [_thread_blocked, id=2380, stack(0x000000cec07f0000,0x000000cec08f0000)]
  0x000000ceb2ba9800 JavaThread "ForkJoinPool.commonPool-worker-7" daemon [_thread_blocked, id=5248, stack(0x000000cec3830000,0x000000cec3930000)]
  0x000000ceb2ba7000 JavaThread "Daemon Thread 11" [_thread_blocked, id=3568, stack(0x000000ceb5760000,0x000000ceb5860000)]
  0x000000ceb2bac000 JavaThread "Handler for socket connection from /127.0.0.1:61281 to /127.0.0.1:56305" [_thread_in_native, id=8948, stack(0x000000ceb5860000,0x000000ceb5960000)]
  0x000000ceb874b800 JavaThread "Cancel handler" [_thread_blocked, id=6000, stack(0x000000ceb5960000,0x000000ceb5a60000)]
  0x000000ceb874c800 JavaThread "Daemon worker Thread 11" [_thread_blocked, id=6220, stack(0x000000ceb5a60000,0x000000ceb5b60000)]
  0x000000ceb874f000 JavaThread "Asynchronous log dispatcher for DefaultDaemonConnection: socket connection from /127.0.0.1:61281 to /127.0.0.1:56305" [_thread_blocked, id=6104, stack(0x000000ceb5b60000,0x000000ceb5c60000)]
  0x000000ceb8752000 JavaThread "Stdin handler" [_thread_blocked, id=8672, stack(0x000000ceb6260000,0x000000ceb6360000)]
  0x000000ceb874f800 JavaThread "Daemon client event forwarder" [_thread_blocked, id=8936, stack(0x000000ceb6a60000,0x000000ceb6b60000)]
  0x000000ceb8750800 JavaThread "Cache worker for file hash cache (C:\Users\Natty Rock\AndroidStudioProjects\NattyFashion\.gradle\7.0.2\fileHashes)" [_thread_blocked, id=6940, stack(0x000000ceb6f60000,0x000000ceb7060000)]
  0x000000ceb8755800 JavaThread "Cache worker for checksums cache (C:\Users\Natty Rock\AndroidStudioProjects\NattyFashion\.gradle\checksums)" [_thread_blocked, id=2392, stack(0x000000ceb7360000,0x000000ceb7460000)]
  0x000000ceb8753000 JavaThread "Cache worker for cache directory md-supplier (C:\Users\Natty Rock\.gradle\caches\7.0.2\md-supplier)" [_thread_blocked, id=5316, stack(0x000000ceb8e50000,0x000000ceb8f50000)]
  0x000000ceb8754800 JavaThread "Cache worker for cache directory md-rule (C:\Users\Natty Rock\.gradle\caches\7.0.2\md-rule)" [_thread_blocked, id=9116, stack(0x000000ceb9650000,0x000000ceb9750000)]
  0x000000ceb8756000 JavaThread "Cache worker for dependencies-accessors (C:\Users\Natty Rock\AndroidStudioProjects\NattyFashion\.gradle\7.0.2\dependencies-accessors)" [_thread_blocked, id=7176, stack(0x000000ceb9950000,0x000000ceb9a50000)]
  0x000000ceb8759800 JavaThread "Cache worker for Build Output Cleanup Cache (C:\Users\Natty Rock\AndroidStudioProjects\NattyFashion\.gradle\buildOutputCleanup)" [_thread_blocked, id=2696, stack(0x000000ceb9a50000,0x000000ceb9b50000)]
  0x000000ceb8757000 JavaThread "Build operations" [_thread_blocked, id=1048, stack(0x000000ceb9b50000,0x000000ceb9c50000)]
  0x000000ceb8758000 JavaThread "Build operations Thread 2" [_thread_blocked, id=7496, stack(0x000000ceb9f50000,0x000000ceba050000)]
  0x000000ceb875a800 JavaThread "Build operations Thread 3" [_thread_blocked, id=2952, stack(0x000000cebbda0000,0x000000cebbea0000)]
  0x000000ceb8758800 JavaThread "Build operations Thread 4" [_thread_blocked, id=4760, stack(0x000000cebd870000,0x000000cebd970000)]
  0x000000ceb3045000 JavaThread "build event listener" [_thread_blocked, id=4992, stack(0x000000cebdbb0000,0x000000cebdcb0000)]
  0x000000ceb3046000 JavaThread "Execution worker for ':'" [_thread_blocked, id=3804, stack(0x000000cebdcb0000,0x000000cebddb0000)]
  0x000000ceb3046800 JavaThread "Execution worker for ':' Thread 2" [_thread_blocked, id=5888, stack(0x000000cebddb0000,0x000000cebdeb0000)]
  0x000000ceb3044000 JavaThread "Execution worker for ':' Thread 3" [_thread_blocked, id=3736, stack(0x000000cebdeb0000,0x000000cebdfb0000)]
  0x000000ceb3049000 JavaThread "Cache worker for execution history cache (C:\Users\Natty Rock\AndroidStudioProjects\NattyFashion\.gradle\7.0.2\executionHistory)" [_thread_blocked, id=4092, stack(0x000000cebe1b0000,0x000000cebe2b0000)]
  0x000000ceb304a000 JavaThread "WorkerExecutor Queue" [_thread_blocked, id=2880, stack(0x000000cebe2b0000,0x000000cebe3b0000)]
  0x000000ceb3047800 JavaThread "pool-39-thread-1" [_thread_blocked, id=3332, stack(0x000000cebe3b0000,0x000000cebe4b0000)]
  0x000000ceb304c800 JavaThread "stderr" [_thread_in_native, id=3884, stack(0x000000cebebb0000,0x000000cebecb0000)]
  0x000000ceb304b800 JavaThread "stdout" [_thread_in_native, id=3672, stack(0x000000cebf2b0000,0x000000cebf3b0000)]
  0x000000ceb304a800 JavaThread "Cache worker for Java compile cache (C:\Users\Natty Rock\AndroidStudioProjects\NattyFashion\.gradle\7.0.2\javaCompile)" [_thread_blocked, id=9088, stack(0x000000cec0ff0000,0x000000cec10f0000)]
  0x000000ceb15b7000 JavaThread "C2 CompilerThread1" daemon [_thread_blocked, id=6768, stack(0x000000cec1320000,0x000000cec1420000)]

Other Threads:
=>0x000000ceafe03800 VMThread "VM Thread" [stack: 0x000000ceb0200000,0x000000ceb0300000] [id=7396]
  0x000000ceaffe8800 WatcherThread [stack: 0x000000ceb0ce0000,0x000000ceb0de0000] [id=9148]
  0x000000ce95510000 GCTaskThread "GC Thread#0" [stack: 0x000000ce94eb0000,0x000000ce94fb0000] [id=7544]
  0x000000ceb18a8800 GCTaskThread "GC Thread#1" [stack: 0x000000ceb26b0000,0x000000ceb27b0000] [id=5932]
  0x000000ceb18a9800 GCTaskThread "GC Thread#2" [stack: 0x000000ceb27b0000,0x000000ceb28b0000] [id=8784]
  0x000000ceb104a800 GCTaskThread "GC Thread#3" [stack: 0x000000ceb3f80000,0x000000ceb4080000] [id=8860]
  0x000000ce95542000 ConcurrentGCThread "G1 Main Marker" [stack: 0x000000ceacbb0000,0x000000ceaccb0000] [id=8916]
  0x000000ce95543800 ConcurrentGCThread "G1 Conc#0" [stack: 0x000000ceaccb0000,0x000000ceacdb0000] [id=8412]
  0x000000ceaf237800 ConcurrentGCThread "G1 Refine#0" [stack: 0x000000ceaf400000,0x000000ceaf500000] [id=2172]
  0x000000ceb2fc8000 ConcurrentGCThread "G1 Refine#1" [stack: 0x000000cec08f0000,0x000000cec09f0000] [id=9180]
  0x000000ceaf238000 ConcurrentGCThread "G1 Young RemSet Sampling" [stack: 0x000000ceaf500000,0x000000ceaf600000] [id=4348]

Threads with active compile tasks:
C2 CompilerThread07965714 26218 %     4       com.android.tools.r8.internal.T6::a @ 3033 (6044 bytes)
C2 CompilerThread17965714 26328       4       com.android.tools.r8.internal.Le::a (1137 bytes)

VM state:at safepoint (normal execution)

VM Mutex/Monitor currently owned by a thread:  ([mutex/lock_event])
[0x000000ce954f8650] Threads_lock - owner thread: 0x000000ceafe03800
[0x000000ce954f86e0] Heap_lock - owner thread: 0x000000ceb875a800

Heap address: 0x0000000080000000, size: 2048 MB, Compressed Oops mode: 32-bit
Narrow klass base: 0x0000000000000000, Narrow klass shift: 3
Compressed class space size: 1073741824 Address: 0x0000000100000000

Heap:
 garbage-first heap   total 848896K, used 128688K [0x0000000080000000, 0x0000000100000000)
  region size 1024K, 3 young (3072K), 3 survivors (3072K)
 Metaspace       used 123304K, capacity 126766K, committed 126848K, reserved 1159168K
  class space    used 15182K, capacity 16470K, committed 16512K, reserved 1048576K
Heap Regions: E=young(eden), S=young(survivor), O=old, HS=humongous(starts), HC=humongous(continues), CS=collection set, F=free, A=archive, TAMS=top-at-mark-start (previous, next)
|   0|0x0000000080000000, 0x0000000080100000, 0x0000000080100000|100%| O|  |TAMS 0x0000000080100000, 0x0000000080000000| Untracked 
|   1|0x0000000080100000, 0x0000000080200000, 0x0000000080200000|100%| O|  |TAMS 0x0000000080200000, 0x0000000080100000| Untracked 
|   2|0x0000000080200000, 0x0000000080300000, 0x0000000080300000|100%| O|  |TAMS 0x0000000080300000, 0x0000000080200000| Untracked 
|   3|0x0000000080300000, 0x0000000080400000, 0x0000000080400000|100%|HS|  |TAMS 0x0000000080400000, 0x0000000080300000| Complete 
|   4|0x0000000080400000, 0x0000000080500000, 0x0000000080500000|100%|HC|  |TAMS 0x0000000080500000, 0x0000000080400000| Complete 
|   5|0x0000000080500000, 0x0000000080600000, 0x0000000080600000|100%|HC|  |TAMS 0x0000000080600000, 0x0000000080500000| Complete 
|   6|0x0000000080600000, 0x0000000080700000, 0x0000000080700000|100%| O|  |TAMS 0x0000000080700000, 0x0000000080600000| Untracked 
|   7|0x0000000080700000, 0x0000000080800000, 0x0000000080800000|100%| O|  |TAMS 0x0000000080800000, 0x0000000080700000| Untracked 
|   8|0x0000000080800000, 0x0000000080900000, 0x0000000080900000|100%| O|  |TAMS 0x0000000080900000, 0x0000000080800000| Untracked 
|   9|0x0000000080900000, 0x0000000080a00000, 0x0000000080a00000|100%| O|  |TAMS 0x0000000080a00000, 0x0000000080900000| Untracked 
|  10|0x0000000080a00000, 0x0000000080b00000, 0x0000000080b00000|100%| O|  |TAMS 0x0000000080b00000, 0x0000000080a00000| Untracked 
|  11|0x0000000080b00000, 0x0000000080c00000, 0x0000000080c00000|100%| O|  |TAMS 0x0000000080c00000, 0x0000000080b00000| Untracked 
|  12|0x0000000080c00000, 0x0000000080d00000, 0x0000000080d00000|100%| O|  |TAMS 0x0000000080d00000, 0x0000000080c00000| Untracked 
|  13|0x0000000080d00000, 0x0000000080e00000, 0x0000000080e00000|100%| O|  |TAMS 0x0000000080e00000, 0x0000000080d00000| Untracked 
|  14|0x0000000080e00000, 0x0000000080f00000, 0x0000000080f00000|100%| O|  |TAMS 0x0000000080f00000, 0x0000000080e00000| Untracked 
|  15|0x0000000080f00000, 0x0000000081000000, 0x0000000081000000|100%| O|  |TAMS 0x0000000081000000, 0x0000000080f00000| Untracked 
|  16|0x0000000081000000, 0x0000000081100000, 0x0000000081100000|100%| O|  |TAMS 0x0000000081100000, 0x0000000081000000| Untracked 
|  17|0x0000000081100000, 0x0000000081200000, 0x0000000081200000|100%| O|  |TAMS 0x0000000081200000, 0x0000000081100000| Untracked 
|  18|0x0000000081200000, 0x0000000081300000, 0x0000000081300000|100%| O|  |TAMS 0x0000000081300000, 0x0000000081200000| Untracked 
|  19|0x0000000081300000, 0x0000000081400000, 0x0000000081400000|100%|HS|  |TAMS 0x0000000081400000, 0x0000000081300000| Complete 
|  20|0x0000000081400000, 0x0000000081500000, 0x0000000081500000|100%| O|  |TAMS 0x0000000081500000, 0x0000000081400000| Untracked 
|  21|0x0000000081500000, 0x0000000081600000, 0x0000000081600000|100%| O|  |TAMS 0x0000000081600000, 0x0000000081500000| Untracked 
|  22|0x0000000081600000, 0x0000000081700000, 0x0000000081700000|100%| O|  |TAMS 0x0000000081700000, 0x0000000081600000| Untracked 
|  23|0x0000000081700000, 0x0000000081800000, 0x0000000081800000|100%|HS|  |TAMS 0x0000000081800000, 0x0000000081700000| Complete 
|  24|0x0000000081800000, 0x0000000081900000, 0x0000000081900000|100%|HS|  |TAMS 0x0000000081900000, 0x0000000081800000| Complete 
|  25|0x0000000081900000, 0x0000000081a00000, 0x0000000081a00000|100%|HC|  |TAMS 0x0000000081a00000, 0x0000000081900000| Complete 
|  26|0x0000000081a00000, 0x0000000081b00000, 0x0000000081b00000|100%| O|  |TAMS 0x0000000081b00000, 0x0000000081a00000| Untracked 
|  27|0x0000000081b00000, 0x0000000081c00000, 0x0000000081c00000|100%| O|  |TAMS 0x0000000081c00000, 0x0000000081b00000| Untracked 
|  28|0x0000000081c00000, 0x0000000081d00000, 0x0000000081d00000|100%| O|  |TAMS 0x0000000081d00000, 0x0000000081c00000| Untracked 
|  29|0x0000000081d00000, 0x0000000081e00000, 0x0000000081e00000|100%| O|  |TAMS 0x0000000081e00000, 0x0000000081d00000| Untracked 
|  30|0x0000000081e00000, 0x0000000081f00000, 0x0000000081f00000|100%| O|  |TAMS 0x0000000081f00000, 0x0000000081e00000| Untracked 
|  31|0x0000000081f00000, 0x0000000082000000, 0x0000000082000000|100%| O|  |TAMS 0x0000000082000000, 0x0000000081f00000| Untracked 
|  32|0x0000000082000000, 0x0000000082100000, 0x0000000082100000|100%| O|  |TAMS 0x0000000082100000, 0x0000000082000000| Untracked 
|  33|0x0000000082100000, 0x0000000082200000, 0x0000000082200000|100%| O|  |TAMS 0x0000000082200000, 0x0000000082100000| Untracked 
|  34|0x0000000082200000, 0x0000000082300000, 0x0000000082300000|100%| O|  |TAMS 0x0000000082300000, 0x0000000082200000| Untracked 
|  35|0x0000000082300000, 0x0000000082400000, 0x0000000082400000|100%| O|  |TAMS 0x0000000082400000, 0x0000000082300000| Untracked 
|  36|0x0000000082400000, 0x0000000082500000, 0x0000000082500000|100%| O|  |TAMS 0x0000000082500000, 0x0000000082400000| Untracked 
|  37|0x0000000082500000, 0x0000000082600000, 0x0000000082600000|100%| O|  |TAMS 0x0000000082600000, 0x0000000082500000| Untracked 
|  38|0x0000000082600000, 0x0000000082700000, 0x0000000082700000|100%| O|  |TAMS 0x0000000082700000, 0x0000000082600000| Untracked 
|  39|0x0000000082700000, 0x0000000082800000, 0x0000000082800000|100%| O|  |TAMS 0x0000000082800000, 0x0000000082700000| Untracked 
|  40|0x0000000082800000, 0x0000000082900000, 0x0000000082900000|100%| O|  |TAMS 0x0000000082900000, 0x0000000082800000| Untracked 
|  41|0x0000000082900000, 0x0000000082a00000, 0x0000000082a00000|100%| O|  |TAMS 0x0000000082a00000, 0x0000000082900000| Untracked 
|  42|0x0000000082a00000, 0x0000000082b00000, 0x0000000082b00000|100%| O|  |TAMS 0x0000000082b00000, 0x0000000082a00000| Untracked 
|  43|0x0000000082b00000, 0x0000000082c00000, 0x0000000082c00000|100%| O|  |TAMS 0x0000000082c00000, 0x0000000082b00000| Untracked 
|  44|0x0000000082c00000, 0x0000000082d00000, 0x0000000082d00000|100%| O|  |TAMS 0x0000000082d00000, 0x0000000082c00000| Untracked 
|  45|0x0000000082d00000, 0x0000000082e00000, 0x0000000082e00000|100%| O|  |TAMS 0x0000000082e00000, 0x0000000082d00000| Untracked 
|  46|0x0000000082e00000, 0x0000000082f00000, 0x0000000082f00000|100%| O|  |TAMS 0x0000000082f00000, 0x0000000082e00000| Untracked 
|  47|0x0000000082f00000, 0x0000000083000000, 0x0000000083000000|100%| O|  |TAMS 0x0000000083000000, 0x0000000082f00000| Untracked 
|  48|0x0000000083000000, 0x0000000083100000, 0x0000000083100000|100%| O|  |TAMS 0x0000000083100000, 0x0000000083000000| Untracked 
|  49|0x0000000083100000, 0x0000000083200000, 0x0000000083200000|100%| O|  |TAMS 0x0000000083200000, 0x0000000083100000| Untracked 
|  50|0x0000000083200000, 0x0000000083300000, 0x0000000083300000|100%| O|  |TAMS 0x0000000083300000, 0x0000000083200000| Untracked 
|  51|0x0000000083300000, 0x0000000083400000, 0x0000000083400000|100%| O|  |TAMS 0x000000008332de00, 0x0000000083300000| Untracked 
|  52|0x0000000083400000, 0x0000000083500000, 0x0000000083500000|100%| O|  |TAMS 0x0000000083500000, 0x0000000083400000| Untracked 
|  53|0x0000000083500000, 0x0000000083600000, 0x0000000083600000|100%| O|  |TAMS 0x0000000083600000, 0x0000000083500000| Untracked 
|  54|0x0000000083600000, 0x0000000083700000, 0x0000000083700000|100%| O|  |TAMS 0x0000000083700000, 0x0000000083600000| Untracked 
|  55|0x0000000083700000, 0x0000000083800000, 0x0000000083800000|100%| O|  |TAMS 0x0000000083800000, 0x0000000083700000| Untracked 
|  56|0x0000000083800000, 0x0000000083900000, 0x0000000083900000|100%| O|  |TAMS 0x0000000083900000, 0x0000000083800000| Untracked 
|  57|0x0000000083900000, 0x0000000083a00000, 0x0000000083a00000|100%| O|  |TAMS 0x0000000083a00000, 0x0000000083900000| Untracked 
|  58|0x0000000083a00000, 0x0000000083b00000, 0x0000000083b00000|100%| O|  |TAMS 0x0000000083b00000, 0x0000000083a00000| Untracked 
|  59|0x0000000083b00000, 0x0000000083c00000, 0x0000000083c00000|100%| O|  |TAMS 0x0000000083b00000, 0x0000000083b00000| Untracked 
|  60|0x0000000083c00000, 0x0000000083d00000, 0x0000000083d00000|100%| O|  |TAMS 0x0000000083d00000, 0x0000000083c00000| Untracked 
|  61|0x0000000083d00000, 0x0000000083e00000, 0x0000000083e00000|100%| O|  |TAMS 0x0000000083e00000, 0x0000000083d00000| Untracked 
|  62|0x0000000083e00000, 0x0000000083f00000, 0x0000000083f00000|100%| O|  |TAMS 0x0000000083f00000, 0x0000000083e00000| Untracked 
|  63|0x0000000083f00000, 0x0000000084000000, 0x0000000084000000|100%| O|  |TAMS 0x0000000084000000, 0x0000000083f00000| Untracked 
|  64|0x0000000084000000, 0x0000000084100000, 0x0000000084100000|100%| O|  |TAMS 0x0000000084100000, 0x0000000084000000| Untracked 
|  65|0x0000000084100000, 0x0000000084200000, 0x0000000084200000|100%| O|  |TAMS 0x0000000084200000, 0x0000000084100000| Untracked 
|  66|0x0000000084200000, 0x0000000084300000, 0x0000000084300000|100%| O|  |TAMS 0x0000000084300000, 0x0000000084200000| Untracked 
|  67|0x0000000084300000, 0x0000000084400000, 0x0000000084400000|100%| O|  |TAMS 0x0000000084400000, 0x0000000084300000| Untracked 
|  68|0x0000000084400000, 0x0000000084500000, 0x0000000084500000|100%| O|  |TAMS 0x0000000084500000, 0x0000000084400000| Untracked 
|  69|0x0000000084500000, 0x0000000084600000, 0x0000000084600000|100%| O|  |TAMS 0x0000000084500000, 0x0000000084500000| Untracked 
|  70|0x0000000084600000, 0x0000000084700000, 0x0000000084700000|100%| O|  |TAMS 0x0000000084700000, 0x0000000084600000| Untracked 
|  71|0x0000000084700000, 0x0000000084800000, 0x0000000084800000|100%| O|  |TAMS 0x0000000084800000, 0x0000000084700000| Untracked 
|  72|0x0000000084800000, 0x0000000084900000, 0x0000000084900000|100%| O|  |TAMS 0x0000000084900000, 0x0000000084800000| Untracked 
|  73|0x0000000084900000, 0x0000000084a00000, 0x0000000084a00000|100%| O|  |TAMS 0x0000000084a00000, 0x0000000084900000| Untracked 
|  74|0x0000000084a00000, 0x0000000084b00000, 0x0000000084b00000|100%| O|  |TAMS 0x0000000084a00000, 0x0000000084a00000| Untracked 
|  75|0x0000000084b00000, 0x0000000084c00000, 0x0000000084c00000|100%| O|  |TAMS 0x0000000084c00000, 0x0000000084b00000| Untracked 
|  76|0x0000000084c00000, 0x0000000084d00000, 0x0000000084d00000|100%| O|  |TAMS 0x0000000084d00000, 0x0000000084c00000| Untracked 
|  77|0x0000000084d00000, 0x0000000084e00000, 0x0000000084e00000|100%| O|  |TAMS 0x0000000084d00000, 0x0000000084d00000| Untracked 
|  78|0x0000000084e00000, 0x0000000084f00000, 0x0000000084f00000|100%| O|  |TAMS 0x0000000084e00000, 0x0000000084e00000| Untracked 
|  79|0x0000000084f00000, 0x0000000085000000, 0x0000000085000000|100%|HS|  |TAMS 0x0000000085000000, 0x0000000084f00000| Complete 
|  80|0x0000000085000000, 0x0000000085100000, 0x0000000085100000|100%|HC|  |TAMS 0x0000000085100000, 0x0000000085000000| Complete 
|  81|0x0000000085100000, 0x0000000085200000, 0x0000000085200000|100%| O|  |TAMS 0x0000000085100000, 0x0000000085100000| Untracked 
|  82|0x0000000085200000, 0x0000000085300000, 0x0000000085300000|100%| O|  |TAMS 0x0000000085300000, 0x0000000085200000| Untracked 
|  83|0x0000000085300000, 0x0000000085400000, 0x0000000085400000|100%| O|  |TAMS 0x0000000085300000, 0x0000000085300000| Untracked 
|  84|0x0000000085400000, 0x0000000085500000, 0x0000000085500000|100%| O|  |TAMS 0x0000000085500000, 0x0000000085400000| Untracked 
|  85|0x0000000085500000, 0x0000000085600000, 0x0000000085600000|100%| O|  |TAMS 0x0000000085600000, 0x0000000085500000| Untracked 
|  86|0x0000000085600000, 0x0000000085700000, 0x0000000085700000|100%| O|  |TAMS 0x0000000085700000, 0x0000000085600000| Untracked 
|  87|0x0000000085700000, 0x0000000085800000, 0x0000000085800000|100%| O|  |TAMS 0x0000000085800000, 0x0000000085700000| Untracked 
|  88|0x0000000085800000, 0x0000000085900000, 0x0000000085900000|100%| O|  |TAMS 0x0000000085900000, 0x0000000085800000| Untracked 
|  89|0x0000000085900000, 0x0000000085a00000, 0x0000000085a00000|100%| O|  |TAMS 0x0000000085a00000, 0x0000000085900000| Untracked 
|  90|0x0000000085a00000, 0x0000000085b00000, 0x0000000085b00000|100%| O|  |TAMS 0x0000000085b00000, 0x0000000085a00000| Untracked 
|  91|0x0000000085b00000, 0x0000000085c00000, 0x0000000085c00000|100%| O|  |TAMS 0x0000000085c00000, 0x0000000085b00000| Untracked 
|  92|0x0000000085c00000, 0x0000000085d00000, 0x0000000085d00000|100%| O|  |TAMS 0x0000000085d00000, 0x0000000085c00000| Untracked 
|  93|0x0000000085d00000, 0x0000000085e00000, 0x0000000085e00000|100%| O|  |TAMS 0x0000000085e00000, 0x0000000085d00000| Untracked 
|  94|0x0000000085e00000, 0x0000000085f00000, 0x0000000085f00000|100%| O|  |TAMS 0x0000000085f00000, 0x0000000085e00000| Untracked 
|  95|0x0000000085f00000, 0x0000000086000000, 0x0000000086000000|100%| O|  |TAMS 0x0000000086000000, 0x0000000085f00000| Untracked 
|  96|0x0000000086000000, 0x0000000086100000, 0x0000000086100000|100%| O|  |TAMS 0x0000000086100000, 0x0000000086000000| Untracked 
|  97|0x0000000086100000, 0x0000000086200000, 0x0000000086200000|100%| O|  |TAMS 0x0000000086200000, 0x0000000086100000| Untracked 
|  98|0x0000000086200000, 0x0000000086300000, 0x0000000086300000|100%| O|  |TAMS 0x0000000086300000, 0x0000000086200000| Untracked 
|  99|0x0000000086300000, 0x0000000086400000, 0x0000000086400000|100%| O|  |TAMS 0x0000000086400000, 0x0000000086300000| Untracked 
| 100|0x0000000086400000, 0x0000000086500000, 0x0000000086500000|100%| O|  |TAMS 0x0000000086500000, 0x0000000086400000| Untracked 
| 101|0x0000000086500000, 0x0000000086600000, 0x0000000086600000|100%| O|  |TAMS 0x0000000086600000, 0x0000000086500000| Untracked 
| 102|0x0000000086600000, 0x0000000086700000, 0x0000000086700000|100%| O|  |TAMS 0x0000000086700000, 0x0000000086600000| Untracked 
| 103|0x0000000086700000, 0x0000000086800000, 0x0000000086800000|100%| O|  |TAMS 0x0000000086800000, 0x0000000086700000| Untracked 
| 104|0x0000000086800000, 0x0000000086900000, 0x0000000086900000|100%| O|  |TAMS 0x0000000086900000, 0x0000000086800000| Untracked 
| 105|0x0000000086900000, 0x0000000086a00000, 0x0000000086a00000|100%| O|  |TAMS 0x0000000086a00000, 0x0000000086900000| Untracked 
| 106|0x0000000086a00000, 0x0000000086b00000, 0x0000000086b00000|100%| O|  |TAMS 0x0000000086b00000, 0x0000000086a00000| Untracked 
| 107|0x0000000086b00000, 0x0000000086c00000, 0x0000000086c00000|100%| O|  |TAMS 0x0000000086c00000, 0x0000000086b00000| Untracked 
| 108|0x0000000086c00000, 0x0000000086d00000, 0x0000000086d00000|100%| O|  |TAMS 0x0000000086d00000, 0x0000000086c00000| Untracked 
| 109|0x0000000086d00000, 0x0000000086e00000, 0x0000000086e00000|100%| O|  |TAMS 0x0000000086e00000, 0x0000000086d00000| Untracked 
| 110|0x0000000086e00000, 0x0000000086f00000, 0x0000000086f00000|100%| O|  |TAMS 0x0000000086f00000, 0x0000000086e00000| Untracked 
| 111|0x0000000086f00000, 0x0000000087000000, 0x0000000087000000|100%| O|  |TAMS 0x0000000087000000, 0x0000000086f00000| Untracked 
| 112|0x0000000087000000, 0x0000000087100000, 0x0000000087100000|100%| O|  |TAMS 0x0000000087100000, 0x0000000087000000| Untracked 
| 113|0x0000000087100000, 0x0000000087200000, 0x0000000087200000|100%| O|  |TAMS 0x0000000087200000, 0x0000000087100000| Untracked 
| 114|0x0000000087200000, 0x0000000087300000, 0x0000000087300000|100%| O|  |TAMS 0x0000000087300000, 0x0000000087200000| Untracked 
| 115|0x0000000087300000, 0x0000000087400000, 0x0000000087400000|100%| O|  |TAMS 0x0000000087400000, 0x0000000087300000| Untracked 
| 116|0x0000000087400000, 0x0000000087500000, 0x0000000087500000|100%| O|  |TAMS 0x0000000087500000, 0x0000000087400000| Untracked 
| 117|0x0000000087500000, 0x0000000087600000, 0x0000000087600000|100%| O|  |TAMS 0x0000000087600000, 0x0000000087500000| Untracked 
| 118|0x0000000087600000, 0x0000000087700000, 0x0000000087700000|100%| O|  |TAMS 0x0000000087600000, 0x0000000087600000| Untracked 
| 119|0x0000000087700000, 0x0000000087800000, 0x0000000087800000|100%| O|  |TAMS 0x0000000087700000, 0x0000000087700000| Untracked 
| 120|0x0000000087800000, 0x00000000878ac200, 0x0000000087900000| 67%| O|  |TAMS 0x0000000087800000, 0x0000000087800000| Untracked 
| 121|0x0000000087900000, 0x0000000087900000, 0x0000000087a00000|  0%| F|  |TAMS 0x0000000087900000, 0x0000000087900000| Untracked 
| 122|0x0000000087a00000, 0x0000000087b00000, 0x0000000087b00000|100%| O|  |TAMS 0x0000000087b00000, 0x0000000087a00000| Untracked 
| 123|0x0000000087b00000, 0x0000000087c00000, 0x0000000087c00000|100%| O|  |TAMS 0x0000000087c00000, 0x0000000087b00000| Untracked 
| 124|0x0000000087c00000, 0x0000000087c00000, 0x0000000087d00000|  0%| F|  |TAMS 0x0000000087c00000, 0x0000000087c00000| Untracked 
| 125|0x0000000087d00000, 0x0000000087d00000, 0x0000000087e00000|  0%| F|  |TAMS 0x0000000087d00000, 0x0000000087d00000| Untracked 
| 126|0x0000000087e00000, 0x0000000087e00000, 0x0000000087f00000|  0%| F|  |TAMS 0x0000000087e00000, 0x0000000087e00000| Untracked 
| 127|0x0000000087f00000, 0x0000000087f00000, 0x0000000088000000|  0%| F|  |TAMS 0x0000000087f00000, 0x0000000087f00000| Untracked 
| 128|0x0000000088000000, 0x0000000088000000, 0x0000000088100000|  0%| F|  |TAMS 0x0000000088000000, 0x0000000088000000| Untracked 
| 129|0x0000000088100000, 0x0000000088100000, 0x0000000088200000|  0%| F|  |TAMS 0x0000000088100000, 0x0000000088100000| Untracked 
| 130|0x0000000088200000, 0x0000000088200000, 0x0000000088300000|  0%| F|  |TAMS 0x0000000088200000, 0x0000000088200000| Untracked 
| 131|0x0000000088300000, 0x0000000088300000, 0x0000000088400000|  0%| F|  |TAMS 0x0000000088300000, 0x0000000088300000| Untracked 
| 132|0x0000000088400000, 0x0000000088400000, 0x0000000088500000|  0%| F|  |TAMS 0x0000000088400000, 0x0000000088400000| Untracked 
| 133|0x0000000088500000, 0x0000000088500000, 0x0000000088600000|  0%| F|  |TAMS 0x0000000088500000, 0x0000000088500000| Untracked 
| 134|0x0000000088600000, 0x0000000088600000, 0x0000000088700000|  0%| F|  |TAMS 0x0000000088600000, 0x0000000088600000| Untracked 
| 135|0x0000000088700000, 0x0000000088700000, 0x0000000088800000|  0%| F|  |TAMS 0x0000000088700000, 0x0000000088700000| Untracked 
| 136|0x0000000088800000, 0x0000000088800000, 0x0000000088900000|  0%| F|  |TAMS 0x0000000088800000, 0x0000000088800000| Untracked 
| 137|0x0000000088900000, 0x0000000088900000, 0x0000000088a00000|  0%| F|  |TAMS 0x0000000088900000, 0x0000000088900000| Untracked 
| 138|0x0000000088a00000, 0x0000000088a00000, 0x0000000088b00000|  0%| F|  |TAMS 0x0000000088a00000, 0x0000000088a00000| Untracked 
| 139|0x0000000088b00000, 0x0000000088b00000, 0x0000000088c00000|  0%| F|  |TAMS 0x0000000088b00000, 0x0000000088b00000| Untracked 
| 140|0x0000000088c00000, 0x0000000088c00000, 0x0000000088d00000|  0%| F|  |TAMS 0x0000000088c00000, 0x0000000088c00000| Untracked 
| 141|0x0000000088d00000, 0x0000000088d00000, 0x0000000088e00000|  0%| F|  |TAMS 0x0000000088d00000, 0x0000000088d00000| Untracked 
| 142|0x0000000088e00000, 0x0000000088e00000, 0x0000000088f00000|  0%| F|  |TAMS 0x0000000088e00000, 0x0000000088e00000| Untracked 
| 143|0x0000000088f00000, 0x0000000088f00000, 0x0000000089000000|  0%| F|  |TAMS 0x0000000088f00000, 0x0000000088f00000| Untracked 
| 144|0x0000000089000000, 0x0000000089000000, 0x0000000089100000|  0%| F|  |TAMS 0x0000000089000000, 0x0000000089000000| Untracked 
| 145|0x0000000089100000, 0x0000000089100000, 0x0000000089200000|  0%| F|  |TAMS 0x0000000089100000, 0x0000000089100000| Untracked 
| 146|0x0000000089200000, 0x0000000089200000, 0x0000000089300000|  0%| F|  |TAMS 0x0000000089200000, 0x0000000089200000| Untracked 
| 147|0x0000000089300000, 0x0000000089300000, 0x0000000089400000|  0%| F|  |TAMS 0x0000000089300000, 0x0000000089300000| Untracked 
| 148|0x0000000089400000, 0x0000000089400000, 0x0000000089500000|  0%| F|  |TAMS 0x0000000089400000, 0x0000000089400000| Untracked 
| 149|0x0000000089500000, 0x0000000089500000, 0x0000000089600000|  0%| F|  |TAMS 0x0000000089500000, 0x0000000089500000| Untracked 
| 150|0x0000000089600000, 0x0000000089600000, 0x0000000089700000|  0%| F|  |TAMS 0x0000000089600000, 0x0000000089600000| Untracked 
| 151|0x0000000089700000, 0x0000000089700000, 0x0000000089800000|  0%| F|  |TAMS 0x0000000089700000, 0x0000000089700000| Untracked 
| 152|0x0000000089800000, 0x0000000089800000, 0x0000000089900000|  0%| F|  |TAMS 0x0000000089800000, 0x0000000089800000| Untracked 
| 153|0x0000000089900000, 0x0000000089900000, 0x0000000089a00000|  0%| F|  |TAMS 0x0000000089900000, 0x0000000089900000| Untracked 
| 154|0x0000000089a00000, 0x0000000089a00000, 0x0000000089b00000|  0%| F|  |TAMS 0x0000000089a00000, 0x0000000089a00000| Untracked 
| 155|0x0000000089b00000, 0x0000000089b00000, 0x0000000089c00000|  0%| F|  |TAMS 0x0000000089b00000, 0x0000000089b00000| Untracked 
| 156|0x0000000089c00000, 0x0000000089c00000, 0x0000000089d00000|  0%| F|  |TAMS 0x0000000089c00000, 0x0000000089c00000| Untracked 
| 157|0x0000000089d00000, 0x0000000089d00000, 0x0000000089e00000|  0%| F|  |TAMS 0x0000000089d00000, 0x0000000089d00000| Untracked 
| 158|0x0000000089e00000, 0x0000000089e00000, 0x0000000089f00000|  0%| F|  |TAMS 0x0000000089e00000, 0x0000000089e00000| Untracked 
| 159|0x0000000089f00000, 0x0000000089f00000, 0x000000008a000000|  0%| F|  |TAMS 0x0000000089f00000, 0x0000000089f00000| Untracked 
| 160|0x000000008a000000, 0x000000008a000000, 0x000000008a100000|  0%| F|  |TAMS 0x000000008a000000, 0x000000008a000000| Untracked 
| 161|0x000000008a100000, 0x000000008a100000, 0x000000008a200000|  0%| F|  |TAMS 0x000000008a100000, 0x000000008a100000| Untracked 
| 162|0x000000008a200000, 0x000000008a200000, 0x000000008a300000|  0%| F|  |TAMS 0x000000008a200000, 0x000000008a200000| Untracked 
| 163|0x000000008a300000, 0x000000008a300000, 0x000000008a400000|  0%| F|  |TAMS 0x000000008a300000, 0x000000008a300000| Untracked 
| 164|0x000000008a400000, 0x000000008a400000, 0x000000008a500000|  0%| F|  |TAMS 0x000000008a400000, 0x000000008a400000| Untracked 
| 165|0x000000008a500000, 0x000000008a500000, 0x000000008a600000|  0%| F|  |TAMS 0x000000008a500000, 0x000000008a500000| Untracked 
| 166|0x000000008a600000, 0x000000008a600000, 0x000000008a700000|  0%| F|  |TAMS 0x000000008a600000, 0x000000008a600000| Untracked 
| 167|0x000000008a700000, 0x000000008a700000, 0x000000008a800000|  0%| F|  |TAMS 0x000000008a700000, 0x000000008a700000| Untracked 
| 168|0x000000008a800000, 0x000000008a800000, 0x000000008a900000|  0%| F|  |TAMS 0x000000008a800000, 0x000000008a800000| Untracked 
| 169|0x000000008a900000, 0x000000008a900000, 0x000000008aa00000|  0%| F|  |TAMS 0x000000008a900000, 0x000000008a900000| Untracked 
| 170|0x000000008aa00000, 0x000000008aa00000, 0x000000008ab00000|  0%| F|  |TAMS 0x000000008aa00000, 0x000000008aa00000| Untracked 
| 171|0x000000008ab00000, 0x000000008ab00000, 0x000000008ac00000|  0%| F|  |TAMS 0x000000008ab00000, 0x000000008ab00000| Untracked 
| 172|0x000000008ac00000, 0x000000008ac00000, 0x000000008ad00000|  0%| F|  |TAMS 0x000000008ac00000, 0x000000008ac00000| Untracked 
| 173|0x000000008ad00000, 0x000000008ad00000, 0x000000008ae00000|  0%| F|  |TAMS 0x000000008ad00000, 0x000000008ad00000| Untracked 
| 174|0x000000008ae00000, 0x000000008ae00000, 0x000000008af00000|  0%| F|  |TAMS 0x000000008ae00000, 0x000000008ae00000| Untracked 
| 175|0x000000008af00000, 0x000000008af00000, 0x000000008b000000|  0%| F|  |TAMS 0x000000008af00000, 0x000000008af00000| Untracked 
| 176|0x000000008b000000, 0x000000008b000000, 0x000000008b100000|  0%| F|  |TAMS 0x000000008b000000, 0x000000008b000000| Untracked 
| 177|0x000000008b100000, 0x000000008b100000, 0x000000008b200000|  0%| F|  |TAMS 0x000000008b100000, 0x000000008b100000| Untracked 
| 178|0x000000008b200000, 0x000000008b200000, 0x000000008b300000|  0%| F|  |TAMS 0x000000008b200000, 0x000000008b200000| Untracked 
| 179|0x000000008b300000, 0x000000008b300000, 0x000000008b400000|  0%| F|  |TAMS 0x000000008b300000, 0x000000008b300000| Untracked 
| 180|0x000000008b400000, 0x000000008b400000, 0x000000008b500000|  0%| F|  |TAMS 0x000000008b400000, 0x000000008b400000| Untracked 
| 181|0x000000008b500000, 0x000000008b500000, 0x000000008b600000|  0%| F|  |TAMS 0x000000008b500000, 0x000000008b500000| Untracked 
| 182|0x000000008b600000, 0x000000008b600000, 0x000000008b700000|  0%| F|  |TAMS 0x000000008b600000, 0x000000008b600000| Untracked 
| 183|0x000000008b700000, 0x000000008b700000, 0x000000008b800000|  0%| F|  |TAMS 0x000000008b700000, 0x000000008b700000| Untracked 
| 184|0x000000008b800000, 0x000000008b800000, 0x000000008b900000|  0%| F|  |TAMS 0x000000008b800000, 0x000000008b800000| Untracked 
| 185|0x000000008b900000, 0x000000008b900000, 0x000000008ba00000|  0%| F|  |TAMS 0x000000008b900000, 0x000000008b900000| Untracked 
| 186|0x000000008ba00000, 0x000000008ba00000, 0x000000008bb00000|  0%| F|  |TAMS 0x000000008ba00000, 0x000000008ba00000| Untracked 
| 187|0x000000008bb00000, 0x000000008bb00000, 0x000000008bc00000|  0%| F|  |TAMS 0x000000008bb00000, 0x000000008bb00000| Untracked 
| 188|0x000000008bc00000, 0x000000008bc00000, 0x000000008bd00000|  0%| F|  |TAMS 0x000000008bc00000, 0x000000008bc00000| Untracked 
| 189|0x000000008bd00000, 0x000000008bd00000, 0x000000008be00000|  0%| F|  |TAMS 0x000000008bd00000, 0x000000008bd00000| Untracked 
| 190|0x000000008be00000, 0x000000008be00000, 0x000000008bf00000|  0%| F|  |TAMS 0x000000008be00000, 0x000000008be00000| Untracked 
| 191|0x000000008bf00000, 0x000000008bf00000, 0x000000008c000000|  0%| F|  |TAMS 0x000000008bf00000, 0x000000008bf00000| Untracked 
| 192|0x000000008c000000, 0x000000008c000000, 0x000000008c100000|  0%| F|  |TAMS 0x000000008c000000, 0x000000008c000000| Untracked 
| 193|0x000000008c100000, 0x000000008c100000, 0x000000008c200000|  0%| F|  |TAMS 0x000000008c100000, 0x000000008c100000| Untracked 
| 194|0x000000008c200000, 0x000000008c200000, 0x000000008c300000|  0%| F|  |TAMS 0x000000008c200000, 0x000000008c200000| Untracked 
| 195|0x000000008c300000, 0x000000008c300000, 0x000000008c400000|  0%| F|  |TAMS 0x000000008c300000, 0x000000008c300000| Untracked 
| 196|0x000000008c400000, 0x000000008c400000, 0x000000008c500000|  0%| F|  |TAMS 0x000000008c400000, 0x000000008c400000| Untracked 
| 197|0x000000008c500000, 0x000000008c500000, 0x000000008c600000|  0%| F|  |TAMS 0x000000008c500000, 0x000000008c500000| Untracked 
| 198|0x000000008c600000, 0x000000008c600000, 0x000000008c700000|  0%| F|  |TAMS 0x000000008c600000, 0x000000008c600000| Untracked 
| 199|0x000000008c700000, 0x000000008c700000, 0x000000008c800000|  0%| F|  |TAMS 0x000000008c700000, 0x000000008c700000| Untracked 
| 200|0x000000008c800000, 0x000000008c800000, 0x000000008c900000|  0%| F|  |TAMS 0x000000008c800000, 0x000000008c800000| Untracked 
| 201|0x000000008c900000, 0x000000008c900000, 0x000000008ca00000|  0%| F|  |TAMS 0x000000008c900000, 0x000000008c900000| Untracked 
| 202|0x000000008ca00000, 0x000000008ca00000, 0x000000008cb00000|  0%| F|  |TAMS 0x000000008ca00000, 0x000000008ca00000| Untracked 
| 203|0x000000008cb00000, 0x000000008cb00000, 0x000000008cc00000|  0%| F|  |TAMS 0x000000008cb00000, 0x000000008cb00000| Untracked 
| 204|0x000000008cc00000, 0x000000008cc00000, 0x000000008cd00000|  0%| F|  |TAMS 0x000000008cc00000, 0x000000008cc00000| Untracked 
| 205|0x000000008cd00000, 0x000000008cd00000, 0x000000008ce00000|  0%| F|  |TAMS 0x000000008cd00000, 0x000000008cd00000| Untracked 
| 206|0x000000008ce00000, 0x000000008ce00000, 0x000000008cf00000|  0%| F|  |TAMS 0x000000008ce00000, 0x000000008ce00000| Untracked 
| 207|0x000000008cf00000, 0x000000008cf00000, 0x000000008d000000|  0%| F|  |TAMS 0x000000008cf00000, 0x000000008cf00000| Untracked 
| 208|0x000000008d000000, 0x000000008d000000, 0x000000008d100000|  0%| F|  |TAMS 0x000000008d000000, 0x000000008d000000| Untracked 
| 209|0x000000008d100000, 0x000000008d100000, 0x000000008d200000|  0%| F|  |TAMS 0x000000008d100000, 0x000000008d100000| Untracked 
| 210|0x000000008d200000, 0x000000008d200000, 0x000000008d300000|  0%| F|  |TAMS 0x000000008d200000, 0x000000008d200000| Untracked 
| 211|0x000000008d300000, 0x000000008d300000, 0x000000008d400000|  0%| F|  |TAMS 0x000000008d300000, 0x000000008d300000| Untracked 
| 212|0x000000008d400000, 0x000000008d400000, 0x000000008d500000|  0%| F|  |TAMS 0x000000008d400000, 0x000000008d400000| Untracked 
| 213|0x000000008d500000, 0x000000008d500000, 0x000000008d600000|  0%| F|  |TAMS 0x000000008d500000, 0x000000008d500000| Untracked 
| 214|0x000000008d600000, 0x000000008d600000, 0x000000008d700000|  0%| F|  |TAMS 0x000000008d600000, 0x000000008d600000| Untracked 
| 215|0x000000008d700000, 0x000000008d700000, 0x000000008d800000|  0%| F|  |TAMS 0x000000008d700000, 0x000000008d700000| Untracked 
| 216|0x000000008d800000, 0x000000008d800000, 0x000000008d900000|  0%| F|  |TAMS 0x000000008d800000, 0x000000008d800000| Untracked 
| 217|0x000000008d900000, 0x000000008d900000, 0x000000008da00000|  0%| F|  |TAMS 0x000000008d900000, 0x000000008d900000| Untracked 
| 218|0x000000008da00000, 0x000000008da00000, 0x000000008db00000|  0%| F|  |TAMS 0x000000008da00000, 0x000000008da00000| Untracked 
| 219|0x000000008db00000, 0x000000008db00000, 0x000000008dc00000|  0%| F|  |TAMS 0x000000008db00000, 0x000000008db00000| Untracked 
| 220|0x000000008dc00000, 0x000000008dc00000, 0x000000008dd00000|  0%| F|  |TAMS 0x000000008dc00000, 0x000000008dc00000| Untracked 
| 221|0x000000008dd00000, 0x000000008dd00000, 0x000000008de00000|  0%| F|  |TAMS 0x000000008dd00000, 0x000000008dd00000| Untracked 
| 222|0x000000008de00000, 0x000000008de00000, 0x000000008df00000|  0%| F|  |TAMS 0x000000008de00000, 0x000000008de00000| Untracked 
| 223|0x000000008df00000, 0x000000008df00000, 0x000000008e000000|  0%| F|  |TAMS 0x000000008df00000, 0x000000008df00000| Untracked 
| 224|0x000000008e000000, 0x000000008e000000, 0x000000008e100000|  0%| F|  |TAMS 0x000000008e000000, 0x000000008e000000| Untracked 
| 225|0x000000008e100000, 0x000000008e100000, 0x000000008e200000|  0%| F|  |TAMS 0x000000008e100000, 0x000000008e100000| Untracked 
| 226|0x000000008e200000, 0x000000008e200000, 0x000000008e300000|  0%| F|  |TAMS 0x000000008e200000, 0x000000008e200000| Untracked 
| 227|0x000000008e300000, 0x000000008e300000, 0x000000008e400000|  0%| F|  |TAMS 0x000000008e300000, 0x000000008e300000| Untracked 
| 228|0x000000008e400000, 0x000000008e400000, 0x000000008e500000|  0%| F|  |TAMS 0x000000008e400000, 0x000000008e400000| Untracked 
| 229|0x000000008e500000, 0x000000008e500000, 0x000000008e600000|  0%| F|  |TAMS 0x000000008e500000, 0x000000008e500000| Untracked 
| 230|0x000000008e600000, 0x000000008e600000, 0x000000008e700000|  0%| F|  |TAMS 0x000000008e600000, 0x000000008e600000| Untracked 
| 231|0x000000008e700000, 0x000000008e700000, 0x000000008e800000|  0%| F|  |TAMS 0x000000008e700000, 0x000000008e700000| Untracked 
| 232|0x000000008e800000, 0x000000008e800000, 0x000000008e900000|  0%| F|  |TAMS 0x000000008e800000, 0x000000008e800000| Untracked 
| 233|0x000000008e900000, 0x000000008e900000, 0x000000008ea00000|  0%| F|  |TAMS 0x000000008e900000, 0x000000008e900000| Untracked 
| 234|0x000000008ea00000, 0x000000008ea00000, 0x000000008eb00000|  0%| F|  |TAMS 0x000000008ea00000, 0x000000008ea00000| Untracked 
| 235|0x000000008eb00000, 0x000000008eb00000, 0x000000008ec00000|  0%| F|  |TAMS 0x000000008eb00000, 0x000000008eb00000| Untracked 
| 236|0x000000008ec00000, 0x000000008ec00000, 0x000000008ed00000|  0%| F|  |TAMS 0x000000008ec00000, 0x000000008ec00000| Untracked 
| 237|0x000000008ed00000, 0x000000008ed00000, 0x000000008ee00000|  0%| F|  |TAMS 0x000000008ed00000, 0x000000008ed00000| Untracked 
| 238|0x000000008ee00000, 0x000000008ee00000, 0x000000008ef00000|  0%| F|  |TAMS 0x000000008ee00000, 0x000000008ee00000| Untracked 
| 239|0x000000008ef00000, 0x000000008ef00000, 0x000000008f000000|  0%| F|  |TAMS 0x000000008ef00000, 0x000000008ef00000| Untracked 
| 240|0x000000008f000000, 0x000000008f000000, 0x000000008f100000|  0%| F|  |TAMS 0x000000008f000000, 0x000000008f000000| Untracked 
| 241|0x000000008f100000, 0x000000008f100000, 0x000000008f200000|  0%| F|  |TAMS 0x000000008f100000, 0x000000008f100000| Untracked 
| 242|0x000000008f200000, 0x000000008f200000, 0x000000008f300000|  0%| F|  |TAMS 0x000000008f200000, 0x000000008f200000| Untracked 
| 243|0x000000008f300000, 0x000000008f300000, 0x000000008f400000|  0%| F|  |TAMS 0x000000008f300000, 0x000000008f300000| Untracked 
| 244|0x000000008f400000, 0x000000008f400000, 0x000000008f500000|  0%| F|  |TAMS 0x000000008f400000, 0x000000008f400000| Untracked 
| 245|0x000000008f500000, 0x000000008f500000, 0x000000008f600000|  0%| F|  |TAMS 0x000000008f500000, 0x000000008f500000| Untracked 
| 246|0x000000008f600000, 0x000000008f600000, 0x000000008f700000|  0%| F|  |TAMS 0x000000008f600000, 0x000000008f600000| Untracked 
| 247|0x000000008f700000, 0x000000008f700000, 0x000000008f800000|  0%| F|  |TAMS 0x000000008f700000, 0x000000008f700000| Untracked 
| 248|0x000000008f800000, 0x000000008f800000, 0x000000008f900000|  0%| F|  |TAMS 0x000000008f800000, 0x000000008f800000| Untracked 
| 249|0x000000008f900000, 0x000000008f900000, 0x000000008fa00000|  0%| F|  |TAMS 0x000000008f900000, 0x000000008f900000| Untracked 
| 250|0x000000008fa00000, 0x000000008fa00000, 0x000000008fb00000|  0%| F|  |TAMS 0x000000008fa00000, 0x000000008fa00000| Untracked 
| 251|0x000000008fb00000, 0x000000008fb00000, 0x000000008fc00000|  0%| F|  |TAMS 0x000000008fb00000, 0x000000008fb00000| Untracked 
| 252|0x000000008fc00000, 0x000000008fc00000, 0x000000008fd00000|  0%| F|  |TAMS 0x000000008fc00000, 0x000000008fc00000| Untracked 
| 253|0x000000008fd00000, 0x000000008fd00000, 0x000000008fe00000|  0%| F|  |TAMS 0x000000008fd00000, 0x000000008fd00000| Untracked 
| 254|0x000000008fe00000, 0x000000008fe00000, 0x000000008ff00000|  0%| F|  |TAMS 0x000000008fe00000, 0x000000008fe00000| Untracked 
| 255|0x000000008ff00000, 0x000000008ff00000, 0x0000000090000000|  0%| F|  |TAMS 0x000000008ff00000, 0x000000008ff00000| Untracked 
| 256|0x0000000090000000, 0x0000000090000000, 0x0000000090100000|  0%| F|  |TAMS 0x0000000090000000, 0x0000000090000000| Untracked 
| 257|0x0000000090100000, 0x0000000090100000, 0x0000000090200000|  0%| F|  |TAMS 0x0000000090100000, 0x0000000090100000| Untracked 
| 258|0x0000000090200000, 0x0000000090200000, 0x0000000090300000|  0%| F|  |TAMS 0x0000000090200000, 0x0000000090200000| Untracked 
| 259|0x0000000090300000, 0x0000000090300000, 0x0000000090400000|  0%| F|  |TAMS 0x0000000090300000, 0x0000000090300000| Untracked 
| 260|0x0000000090400000, 0x0000000090400000, 0x0000000090500000|  0%| F|  |TAMS 0x0000000090400000, 0x0000000090400000| Untracked 
| 261|0x0000000090500000, 0x0000000090500000, 0x0000000090600000|  0%| F|  |TAMS 0x0000000090500000, 0x0000000090500000| Untracked 
| 262|0x0000000090600000, 0x0000000090600000, 0x0000000090700000|  0%| F|  |TAMS 0x0000000090600000, 0x0000000090600000| Untracked 
| 263|0x0000000090700000, 0x0000000090700000, 0x0000000090800000|  0%| F|  |TAMS 0x0000000090700000, 0x0000000090700000| Untracked 
| 264|0x0000000090800000, 0x0000000090800000, 0x0000000090900000|  0%| F|  |TAMS 0x0000000090800000, 0x0000000090800000| Untracked 
| 265|0x0000000090900000, 0x0000000090900000, 0x0000000090a00000|  0%| F|  |TAMS 0x0000000090900000, 0x0000000090900000| Untracked 
| 266|0x0000000090a00000, 0x0000000090a00000, 0x0000000090b00000|  0%| F|  |TAMS 0x0000000090a00000, 0x0000000090a00000| Untracked 
| 267|0x0000000090b00000, 0x0000000090b00000, 0x0000000090c00000|  0%| F|  |TAMS 0x0000000090b00000, 0x0000000090b00000| Untracked 
| 268|0x0000000090c00000, 0x0000000090c00000, 0x0000000090d00000|  0%| F|  |TAMS 0x0000000090c00000, 0x0000000090c00000| Untracked 
| 269|0x0000000090d00000, 0x0000000090d00000, 0x0000000090e00000|  0%| F|  |TAMS 0x0000000090d00000, 0x0000000090d00000| Untracked 
| 270|0x0000000090e00000, 0x0000000090e00000, 0x0000000090f00000|  0%| F|  |TAMS 0x0000000090e00000, 0x0000000090e00000| Untracked 
| 271|0x0000000090f00000, 0x0000000090f00000, 0x0000000091000000|  0%| F|  |TAMS 0x0000000090f00000, 0x0000000090f00000| Untracked 
| 272|0x0000000091000000, 0x0000000091000000, 0x0000000091100000|  0%| F|  |TAMS 0x0000000091000000, 0x0000000091000000| Untracked 
| 273|0x0000000091100000, 0x0000000091100000, 0x0000000091200000|  0%| F|  |TAMS 0x0000000091100000, 0x0000000091100000| Untracked 
| 274|0x0000000091200000, 0x0000000091200000, 0x0000000091300000|  0%| F|  |TAMS 0x0000000091200000, 0x0000000091200000| Untracked 
| 275|0x0000000091300000, 0x0000000091300000, 0x0000000091400000|  0%| F|  |TAMS 0x0000000091300000, 0x0000000091300000| Untracked 
| 276|0x0000000091400000, 0x0000000091400000, 0x0000000091500000|  0%| F|  |TAMS 0x0000000091400000, 0x0000000091400000| Untracked 
| 277|0x0000000091500000, 0x0000000091500000, 0x0000000091600000|  0%| F|  |TAMS 0x0000000091500000, 0x0000000091500000| Untracked 
| 278|0x0000000091600000, 0x0000000091600000, 0x0000000091700000|  0%| F|  |TAMS 0x0000000091600000, 0x0000000091600000| Untracked 
| 279|0x0000000091700000, 0x0000000091700000, 0x0000000091800000|  0%| F|  |TAMS 0x0000000091700000, 0x0000000091700000| Untracked 
| 280|0x0000000091800000, 0x0000000091800000, 0x0000000091900000|  0%| F|  |TAMS 0x0000000091800000, 0x0000000091800000| Untracked 
| 281|0x0000000091900000, 0x0000000091900000, 0x0000000091a00000|  0%| F|  |TAMS 0x0000000091900000, 0x0000000091900000| Untracked 
| 282|0x0000000091a00000, 0x0000000091a00000, 0x0000000091b00000|  0%| F|  |TAMS 0x0000000091a00000, 0x0000000091a00000| Untracked 
| 283|0x0000000091b00000, 0x0000000091b00000, 0x0000000091c00000|  0%| F|  |TAMS 0x0000000091b00000, 0x0000000091b00000| Untracked 
| 284|0x0000000091c00000, 0x0000000091c00000, 0x0000000091d00000|  0%| F|  |TAMS 0x0000000091c00000, 0x0000000091c00000| Untracked 
| 285|0x0000000091d00000, 0x0000000091d00000, 0x0000000091e00000|  0%| F|  |TAMS 0x0000000091d00000, 0x0000000091d00000| Untracked 
| 286|0x0000000091e00000, 0x0000000091e00000, 0x0000000091f00000|  0%| F|  |TAMS 0x0000000091e00000, 0x0000000091e00000| Untracked 
| 287|0x0000000091f00000, 0x0000000091f00000, 0x0000000092000000|  0%| F|  |TAMS 0x0000000091f00000, 0x0000000091f00000| Untracked 
| 288|0x0000000092000000, 0x0000000092000000, 0x0000000092100000|  0%| F|  |TAMS 0x0000000092000000, 0x0000000092000000| Untracked 
| 289|0x0000000092100000, 0x0000000092100000, 0x0000000092200000|  0%| F|  |TAMS 0x0000000092100000, 0x0000000092100000| Untracked 
| 290|0x0000000092200000, 0x0000000092200000, 0x0000000092300000|  0%| F|  |TAMS 0x0000000092200000, 0x0000000092200000| Untracked 
| 291|0x0000000092300000, 0x0000000092300000, 0x0000000092400000|  0%| F|  |TAMS 0x0000000092300000, 0x0000000092300000| Untracked 
| 292|0x0000000092400000, 0x0000000092400000, 0x0000000092500000|  0%| F|  |TAMS 0x0000000092400000, 0x0000000092400000| Untracked 
| 293|0x0000000092500000, 0x0000000092500000, 0x0000000092600000|  0%| F|  |TAMS 0x0000000092500000, 0x0000000092500000| Untracked 
| 294|0x0000000092600000, 0x0000000092600000, 0x0000000092700000|  0%| F|  |TAMS 0x0000000092600000, 0x0000000092600000| Untracked 
| 295|0x0000000092700000, 0x0000000092700000, 0x0000000092800000|  0%| F|  |TAMS 0x0000000092700000, 0x0000000092700000| Untracked 
| 296|0x0000000092800000, 0x0000000092800000, 0x0000000092900000|  0%| F|  |TAMS 0x0000000092800000, 0x0000000092800000| Untracked 
| 297|0x0000000092900000, 0x0000000092900000, 0x0000000092a00000|  0%| F|  |TAMS 0x0000000092900000, 0x0000000092900000| Untracked 
| 298|0x0000000092a00000, 0x0000000092a00000, 0x0000000092b00000|  0%| F|  |TAMS 0x0000000092a00000, 0x0000000092a00000| Untracked 
| 299|0x0000000092b00000, 0x0000000092b00000, 0x0000000092c00000|  0%| F|  |TAMS 0x0000000092b00000, 0x0000000092b00000| Untracked 
| 300|0x0000000092c00000, 0x0000000092c00000, 0x0000000092d00000|  0%| F|  |TAMS 0x0000000092c00000, 0x0000000092c00000| Untracked 
| 301|0x0000000092d00000, 0x0000000092d00000, 0x0000000092e00000|  0%| F|  |TAMS 0x0000000092d00000, 0x0000000092d00000| Untracked 
| 302|0x0000000092e00000, 0x0000000092e00000, 0x0000000092f00000|  0%| F|  |TAMS 0x0000000092e00000, 0x0000000092e00000| Untracked 
| 303|0x0000000092f00000, 0x0000000092f00000, 0x0000000093000000|  0%| F|  |TAMS 0x0000000092f00000, 0x0000000092f00000| Untracked 
| 304|0x0000000093000000, 0x0000000093000000, 0x0000000093100000|  0%| F|  |TAMS 0x0000000093000000, 0x0000000093000000| Untracked 
| 305|0x0000000093100000, 0x0000000093100000, 0x0000000093200000|  0%| F|  |TAMS 0x0000000093100000, 0x0000000093100000| Untracked 
| 306|0x0000000093200000, 0x0000000093200000, 0x0000000093300000|  0%| F|  |TAMS 0x0000000093200000, 0x0000000093200000| Untracked 
| 307|0x0000000093300000, 0x0000000093300000, 0x0000000093400000|  0%| F|  |TAMS 0x0000000093300000, 0x0000000093300000| Untracked 
| 308|0x0000000093400000, 0x0000000093400000, 0x0000000093500000|  0%| F|  |TAMS 0x0000000093400000, 0x0000000093400000| Untracked 
| 309|0x0000000093500000, 0x0000000093500000, 0x0000000093600000|  0%| F|  |TAMS 0x0000000093500000, 0x0000000093500000| Untracked 
| 310|0x0000000093600000, 0x0000000093600000, 0x0000000093700000|  0%| F|  |TAMS 0x0000000093600000, 0x0000000093600000| Untracked 
| 311|0x0000000093700000, 0x0000000093700000, 0x0000000093800000|  0%| F|  |TAMS 0x0000000093700000, 0x0000000093700000| Untracked 
| 312|0x0000000093800000, 0x0000000093800000, 0x0000000093900000|  0%| F|  |TAMS 0x0000000093800000, 0x0000000093800000| Untracked 
| 313|0x0000000093900000, 0x0000000093900000, 0x0000000093a00000|  0%| F|  |TAMS 0x0000000093900000, 0x0000000093900000| Untracked 
| 314|0x0000000093a00000, 0x0000000093a00000, 0x0000000093b00000|  0%| F|  |TAMS 0x0000000093a00000, 0x0000000093a00000| Untracked 
| 315|0x0000000093b00000, 0x0000000093b00000, 0x0000000093c00000|  0%| F|  |TAMS 0x0000000093b00000, 0x0000000093b00000| Untracked 
| 316|0x0000000093c00000, 0x0000000093c00000, 0x0000000093d00000|  0%| F|  |TAMS 0x0000000093c00000, 0x0000000093c00000| Untracked 
| 317|0x0000000093d00000, 0x0000000093d00000, 0x0000000093e00000|  0%| F|  |TAMS 0x0000000093d00000, 0x0000000093d00000| Untracked 
| 318|0x0000000093e00000, 0x0000000093e00000, 0x0000000093f00000|  0%| F|  |TAMS 0x0000000093e00000, 0x0000000093e00000| Untracked 
| 319|0x0000000093f00000, 0x0000000093f00000, 0x0000000094000000|  0%| F|  |TAMS 0x0000000093f00000, 0x0000000093f00000| Untracked 
| 320|0x0000000094000000, 0x0000000094000000, 0x0000000094100000|  0%| F|  |TAMS 0x0000000094000000, 0x0000000094000000| Untracked 
| 321|0x0000000094100000, 0x0000000094100000, 0x0000000094200000|  0%| F|  |TAMS 0x0000000094100000, 0x0000000094100000| Untracked 
| 322|0x0000000094200000, 0x0000000094200000, 0x0000000094300000|  0%| F|  |TAMS 0x0000000094200000, 0x0000000094200000| Untracked 
| 323|0x0000000094300000, 0x0000000094300000, 0x0000000094400000|  0%| F|  |TAMS 0x0000000094300000, 0x0000000094300000| Untracked 
| 324|0x0000000094400000, 0x0000000094400000, 0x0000000094500000|  0%| F|  |TAMS 0x0000000094400000, 0x0000000094400000| Untracked 
| 325|0x0000000094500000, 0x0000000094500000, 0x0000000094600000|  0%| F|  |TAMS 0x0000000094500000, 0x0000000094500000| Untracked 
| 326|0x0000000094600000, 0x0000000094600000, 0x0000000094700000|  0%| F|  |TAMS 0x0000000094600000, 0x0000000094600000| Untracked 
| 327|0x0000000094700000, 0x0000000094700000, 0x0000000094800000|  0%| F|  |TAMS 0x0000000094700000, 0x0000000094700000| Untracked 
| 328|0x0000000094800000, 0x0000000094800000, 0x0000000094900000|  0%| F|  |TAMS 0x0000000094800000, 0x0000000094800000| Untracked 
| 329|0x0000000094900000, 0x0000000094a00000, 0x0000000094a00000|100%| S|CS|TAMS 0x0000000094900000, 0x0000000094900000| Complete 
| 330|0x0000000094a00000, 0x0000000094b00000, 0x0000000094b00000|100%| S|CS|TAMS 0x0000000094a00000, 0x0000000094a00000| Complete 
| 331|0x0000000094b00000, 0x0000000094b00000, 0x0000000094c00000|  0%| F|  |TAMS 0x0000000094b00000, 0x0000000094b00000| Untracked 
| 332|0x0000000094c00000, 0x0000000094c00000, 0x0000000094d00000|  0%| F|  |TAMS 0x0000000094c00000, 0x0000000094c00000| Untracked 
| 333|0x0000000094d00000, 0x0000000094e00000, 0x0000000094e00000|100%| S|CS|TAMS 0x0000000094d00000, 0x0000000094d00000| Complete 
| 334|0x0000000094e00000, 0x0000000094e00000, 0x0000000094f00000|  0%| F|  |TAMS 0x0000000094e00000, 0x0000000094e00000| Untracked 
| 335|0x0000000094f00000, 0x0000000094f00000, 0x0000000095000000|  0%| F|  |TAMS 0x0000000094f00000, 0x0000000094f00000| Untracked 
| 336|0x0000000095000000, 0x0000000095000000, 0x0000000095100000|  0%| F|  |TAMS 0x0000000095000000, 0x0000000095000000| Untracked 
| 337|0x0000000095100000, 0x0000000095100000, 0x0000000095200000|  0%| F|  |TAMS 0x0000000095100000, 0x0000000095100000| Untracked 
| 338|0x0000000095200000, 0x0000000095200000, 0x0000000095300000|  0%| F|  |TAMS 0x0000000095200000, 0x0000000095200000| Untracked 
| 339|0x0000000095300000, 0x0000000095300000, 0x0000000095400000|  0%| F|  |TAMS 0x0000000095300000, 0x0000000095300000| Untracked 
| 340|0x0000000095400000, 0x0000000095400000, 0x0000000095500000|  0%| F|  |TAMS 0x0000000095400000, 0x0000000095400000| Untracked 
| 341|0x0000000095500000, 0x0000000095500000, 0x0000000095600000|  0%| F|  |TAMS 0x0000000095500000, 0x0000000095500000| Untracked 
| 342|0x0000000095600000, 0x0000000095600000, 0x0000000095700000|  0%| F|  |TAMS 0x0000000095600000, 0x0000000095600000| Untracked 
| 343|0x0000000095700000, 0x0000000095700000, 0x0000000095800000|  0%| F|  |TAMS 0x0000000095700000, 0x0000000095700000| Untracked 
| 344|0x0000000095800000, 0x0000000095800000, 0x0000000095900000|  0%| F|  |TAMS 0x0000000095800000, 0x0000000095800000| Untracked 
| 345|0x0000000095900000, 0x0000000095900000, 0x0000000095a00000|  0%| F|  |TAMS 0x0000000095900000, 0x0000000095900000| Untracked 
| 346|0x0000000095a00000, 0x0000000095a00000, 0x0000000095b00000|  0%| F|  |TAMS 0x0000000095a00000, 0x0000000095a00000| Untracked 
| 347|0x0000000095b00000, 0x0000000095b00000, 0x0000000095c00000|  0%| F|  |TAMS 0x0000000095b00000, 0x0000000095b00000| Untracked 
| 348|0x0000000095c00000, 0x0000000095c00000, 0x0000000095d00000|  0%| F|  |TAMS 0x0000000095c00000, 0x0000000095c00000| Untracked 
| 349|0x0000000095d00000, 0x0000000095d00000, 0x0000000095e00000|  0%| F|  |TAMS 0x0000000095d00000, 0x0000000095d00000| Untracked 
| 350|0x0000000095e00000, 0x0000000095e00000, 0x0000000095f00000|  0%| F|  |TAMS 0x0000000095e00000, 0x0000000095e00000| Untracked 
| 351|0x0000000095f00000, 0x0000000095f00000, 0x0000000096000000|  0%| F|  |TAMS 0x0000000095f00000, 0x0000000095f00000| Untracked 
| 352|0x0000000096000000, 0x0000000096000000, 0x0000000096100000|  0%| F|  |TAMS 0x0000000096000000, 0x0000000096000000| Untracked 

Card table byte_map: [0x000000cea83b0000,0x000000cea87b0000] _byte_map_base: 0x000000cea7fb0000

Marking Bits (Prev, Next): (CMBitMap*) 0x000000ce95539240, (CMBitMap*) 0x000000ce95539208
 Prev Bits: [0x000000ceaabb0000, 0x000000ceacbb0000)
 Next Bits: [0x000000cea8bb0000, 0x000000ceaabb0000)

Polling page: 0x000000ce94ca0000

Metaspace:

Usage:
  Non-class:    107.71 MB capacity,   105.59 MB ( 98%) used,     1.70 MB (  2%) free+waste,   435.69 KB ( <1%) overhead. 
      Class:     16.08 MB capacity,    14.83 MB ( 92%) used,     1.07 MB (  7%) free+waste,   188.69 KB (  1%) overhead. 
       Both:    123.79 MB capacity,   120.41 MB ( 97%) used,     2.77 MB (  2%) free+waste,   624.38 KB ( <1%) overhead. 

Virtual space:
  Non-class space:      108.00 MB reserved,     107.75 MB (>99%) committed 
      Class space:        1.00 GB reserved,      16.13 MB (  2%) committed 
             Both:        1.11 GB reserved,     123.88 MB ( 11%) committed 

Chunk freelists:
   Non-Class:  40.00 KB
       Class:  0 bytes
        Both:  40.00 KB

MaxMetaspaceSize: 17179869184.00 GB
CompressedClassSpaceSize: 1.00 GB

CodeHeap 'non-profiled nmethods': size=120064Kb used=20069Kb max_used=20069Kb free=99994Kb
 bounds [0x000000cea0a70000, 0x000000cea1e10000, 0x000000cea7fb0000]
CodeHeap 'profiled nmethods': size=120000Kb used=51277Kb max_used=51277Kb free=68722Kb
 bounds [0x000000ce99540000, 0x000000ce9c780000, 0x000000cea0a70000]
CodeHeap 'non-nmethods': size=5696Kb used=2353Kb max_used=2429Kb free=3342Kb
 bounds [0x000000ce98fb0000, 0x000000ce99220000, 0x000000ce99540000]
 total_blobs=23723 nmethods=22750 adapters=883
 compilation: enabled
              stopped_count=0, restarted_count=0
 full_count=0

Compilation events (20 events):
Event: 7964.860 Thread 0x000000ceafe58800 26327       1       com.android.tools.r8.internal.Lv::e (2 bytes)
Event: 7964.860 Thread 0x000000ceafe58800 nmethod 26327 0x000000cea1e0c710 code [0x000000cea1e0c8c0, 0x000000cea1e0c978]
Event: 7964.860 Thread 0x000000ceafe58800 26333       2       com.android.tools.r8.internal.NG::h (7 bytes)
Event: 7964.860 Thread 0x000000ceafe58800 nmethod 26333 0x000000ce9b736810 code [0x000000ce9b7369c0, 0x000000ce9b736ae8]
Event: 7964.860 Thread 0x000000ceafe58800 26322       1       com.android.tools.r8.internal.k9::a2 (3 bytes)
Event: 7964.860 Thread 0x000000ceafe58800 nmethod 26322 0x000000cea1e0ca10 code [0x000000cea1e0cbc0, 0x000000cea1e0cc78]
Event: 7964.860 Thread 0x000000ceafe58800 26313       1       com.android.tools.r8.internal.kA::F (5 bytes)
Event: 7964.860 Thread 0x000000ceafe58800 nmethod 26313 0x000000cea1e0cd10 code [0x000000cea1e0cec0, 0x000000cea1e0cf78]
Event: 7964.860 Thread 0x000000ceafe58800 26312       1       com.android.tools.r8.graph.L::f (2 bytes)
Event: 7964.861 Thread 0x000000ceafe58800 nmethod 26312 0x000000cea1e0d010 code [0x000000cea1e0d1c0, 0x000000cea1e0d278]
Event: 7964.863 Thread 0x000000ceafe58800 26347       2       com.android.tools.r8.internal.UC::b (682 bytes)
Event: 7964.866 Thread 0x000000ceafe58800 nmethod 26347 0x000000ce9c77be10 code [0x000000ce9c77c340, 0x000000ce9c77da08]
Event: 7964.867 Thread 0x000000ceafe58800 26348       2       com.android.tools.r8.internal.pF::c (4 bytes)
Event: 7964.867 Thread 0x000000ceafe58800 nmethod 26348 0x000000ce996cb810 code [0x000000ce996cb9c0, 0x000000ce996cba98]
Event: 7964.867 Thread 0x000000ceafe58800 26349       2       com.android.tools.r8.internal.g3::c (4 bytes)
Event: 7964.867 Thread 0x000000ceafe58800 nmethod 26349 0x000000ce996ce010 code [0x000000ce996ce1c0, 0x000000ce996ce298]
Event: 7964.867 Thread 0x000000ceafe58800 26350       2       com.android.tools.r8.internal.UC::a (17 bytes)
Event: 7964.867 Thread 0x000000ceafe58800 nmethod 26350 0x000000ce9b843710 code [0x000000ce9b8438c0, 0x000000ce9b843a28]
Event: 7964.872 Thread 0x000000ceafe58800 26351       2       com.android.tools.r8.internal.J0::<init> (5 bytes)
Event: 7964.873 Thread 0x000000ceafe58800 nmethod 26351 0x000000ce9b795a10 code [0x000000ce9b795bc0, 0x000000ce9b795cb8]

GC Heap History (20 events):
Event: 7961.943 GC heap after
{Heap after GC invocations=164 (full 0):
 garbage-first heap   total 299008K, used 104361K [0x0000000080000000, 0x0000000100000000)
  region size 1024K, 2 young (2048K), 2 survivors (2048K)
 Metaspace       used 122659K, capacity 126035K, committed 126208K, reserved 1159168K
  class space    used 15101K, capacity 16349K, committed 16384K, reserved 1048576K
}
Event: 7962.373 GC heap before
{Heap before GC invocations=164 (full 0):
 garbage-first heap   total 299008K, used 116649K [0x0000000080000000, 0x0000000100000000)
  region size 1024K, 15 young (15360K), 2 survivors (2048K)
 Metaspace       used 122793K, capacity 126163K, committed 126592K, reserved 1159168K
  class space    used 15120K, capacity 16392K, committed 16512K, reserved 1048576K
}
Event: 7962.383 GC heap after
{Heap after GC invocations=165 (full 0):
 garbage-first heap   total 299008K, used 105927K [0x0000000080000000, 0x0000000100000000)
  region size 1024K, 2 young (2048K), 2 survivors (2048K)
 Metaspace       used 122793K, capacity 126163K, committed 126592K, reserved 1159168K
  class space    used 15120K, capacity 16392K, committed 16512K, reserved 1048576K
}
Event: 7962.476 GC heap before
{Heap before GC invocations=165 (full 0):
 garbage-first heap   total 299008K, used 120263K [0x0000000080000000, 0x0000000100000000)
  region size 1024K, 17 young (17408K), 2 survivors (2048K)
 Metaspace       used 122834K, capacity 126302K, committed 126592K, reserved 1159168K
  class space    used 15122K, capacity 16394K, committed 16512K, reserved 1048576K
}
Event: 7962.537 GC heap after
{Heap after GC invocations=166 (full 0):
 garbage-first heap   total 299008K, used 109793K [0x0000000080000000, 0x0000000100000000)
  region size 1024K, 3 young (3072K), 3 survivors (3072K)
 Metaspace       used 122834K, capacity 126302K, committed 126592K, reserved 1159168K
  class space    used 15122K, capacity 16394K, committed 16512K, reserved 1048576K
}
Event: 7962.692 GC heap before
{Heap before GC invocations=166 (full 0):
 garbage-first heap   total 299008K, used 121057K [0x0000000080000000, 0x0000000100000000)
  region size 1024K, 14 young (14336K), 3 survivors (3072K)
 Metaspace       used 122861K, capacity 126307K, committed 126592K, reserved 1159168K
  class space    used 15123K, capacity 16395K, committed 16512K, reserved 1048576K
}
Event: 7962.720 GC heap after
{Heap after GC invocations=167 (full 0):
 garbage-first heap   total 299008K, used 113425K [0x0000000080000000, 0x0000000100000000)
  region size 1024K, 2 young (2048K), 2 survivors (2048K)
 Metaspace       used 122861K, capacity 126307K, committed 126592K, reserved 1159168K
  class space    used 15123K, capacity 16395K, committed 16512K, reserved 1048576K
}
Event: 7962.981 GC heap before
{Heap before GC invocations=167 (full 0):
 garbage-first heap   total 299008K, used 123665K [0x0000000080000000, 0x0000000100000000)
  region size 1024K, 14 young (14336K), 2 survivors (2048K)
 Metaspace       used 122894K, capacity 126362K, committed 126592K, reserved 1159168K
  class space    used 15125K, capacity 16391K, committed 16512K, reserved 1048576K
}
Event: 7963.007 GC heap after
{Heap after GC invocations=168 (full 0):
 garbage-first heap   total 299008K, used 116388K [0x0000000080000000, 0x0000000100000000)
  region size 1024K, 2 young (2048K), 2 survivors (2048K)
 Metaspace       used 122894K, capacity 126362K, committed 126592K, reserved 1159168K
  class space    used 15125K, capacity 16391K, committed 16512K, reserved 1048576K
}
Event: 7963.400 GC heap before
{Heap before GC invocations=169 (full 0):
 garbage-first heap   total 299008K, used 128676K [0x0000000080000000, 0x0000000100000000)
  region size 1024K, 15 young (15360K), 2 survivors (2048K)
 Metaspace       used 123001K, capacity 126432K, committed 126848K, reserved 1159168K
  class space    used 15140K, capacity 16392K, committed 16512K, reserved 1048576K
}
Event: 7963.448 GC heap after
{Heap after GC invocations=170 (full 0):
 garbage-first heap   total 299008K, used 120208K [0x0000000080000000, 0x0000000100000000)
  region size 1024K, 2 young (2048K), 2 survivors (2048K)
 Metaspace       used 123001K, capacity 126432K, committed 126848K, reserved 1159168K
  class space    used 15140K, capacity 16392K, committed 16512K, reserved 1048576K
}
Event: 7963.587 GC heap before
{Heap before GC invocations=170 (full 0):
 garbage-first heap   total 299008K, used 131472K [0x0000000080000000, 0x0000000100000000)
  region size 1024K, 14 young (14336K), 2 survivors (2048K)
 Metaspace       used 123010K, capacity 126432K, committed 126848K, reserved 1159168K
  class space    used 15140K, capacity 16392K, committed 16512K, reserved 1048576K
}
Event: 7963.727 GC heap after
{Heap after GC invocations=171 (full 0):
 garbage-first heap   total 361472K, used 116250K [0x0000000080000000, 0x0000000100000000)
  region size 1024K, 2 young (2048K), 2 survivors (2048K)
 Metaspace       used 123010K, capacity 126432K, committed 126848K, reserved 1159168K
  class space    used 15140K, capacity 16392K, committed 16512K, reserved 1048576K
}
Event: 7963.893 GC heap before
{Heap before GC invocations=171 (full 0):
 garbage-first heap   total 361472K, used 131610K [0x0000000080000000, 0x0000000100000000)
  region size 1024K, 18 young (18432K), 2 survivors (2048K)
 Metaspace       used 123138K, capacity 126593K, committed 126848K, reserved 1159168K
  class space    used 15164K, capacity 16455K, committed 16512K, reserved 1048576K
}
Event: 7963.997 GC heap after
{Heap after GC invocations=172 (full 0):
 garbage-first heap   total 361472K, used 119991K [0x0000000080000000, 0x0000000100000000)
  region size 1024K, 3 young (3072K), 3 survivors (3072K)
 Metaspace       used 123138K, capacity 126593K, committed 126848K, reserved 1159168K
  class space    used 15164K, capacity 16455K, committed 16512K, reserved 1048576K
}
Event: 7964.162 GC heap before
{Heap before GC invocations=172 (full 0):
 garbage-first heap   total 361472K, used 134327K [0x0000000080000000, 0x0000000100000000)
  region size 1024K, 17 young (17408K), 3 survivors (3072K)
 Metaspace       used 123174K, capacity 126670K, committed 126848K, reserved 1159168K
  class space    used 15168K, capacity 16460K, committed 16512K, reserved 1048576K
}
Event: 7964.201 GC heap after
{Heap after GC invocations=173 (full 0):
 garbage-first heap   total 361472K, used 123015K [0x0000000080000000, 0x0000000100000000)
  region size 1024K, 3 young (3072K), 3 survivors (3072K)
 Metaspace       used 123174K, capacity 126670K, committed 126848K, reserved 1159168K
  class space    used 15168K, capacity 16460K, committed 16512K, reserved 1048576K
}
Event: 7964.489 GC heap before
{Heap before GC invocations=173 (full 0):
 garbage-first heap   total 361472K, used 136327K [0x0000000080000000, 0x0000000100000000)
  region size 1024K, 19 young (19456K), 3 survivors (3072K)
 Metaspace       used 123214K, capacity 126659K, committed 126848K, reserved 1159168K
  class space    used 15170K, capacity 16456K, committed 16512K, reserved 1048576K
}
Event: 7964.517 GC heap after
{Heap after GC invocations=174 (full 0):
 garbage-first heap   total 361472K, used 124928K [0x0000000080000000, 0x0000000100000000)
  region size 1024K, 3 young (3072K), 3 survivors (3072K)
 Metaspace       used 123214K, capacity 126659K, committed 126848K, reserved 1159168K
  class space    used 15170K, capacity 16456K, committed 16512K, reserved 1048576K
}
Event: 7964.886 GC heap before
{Heap before GC invocations=175 (full 0):
 garbage-first heap   total 361472K, used 143360K [0x0000000080000000, 0x0000000100000000)
  region size 1024K, 21 young (21504K), 3 survivors (3072K)
 Metaspace       used 123304K, capacity 126766K, committed 126848K, reserved 1159168K
  class space    used 15182K, capacity 16470K, committed 16512K, reserved 1048576K
}

Deoptimization events (20 events):
Event: 7964.815 Thread 0x000000ceb8758800 Uncommon trap: trap_request=0xffffffc6 fr.pc=0x000000cea1c48f8c relative=0x000000000000006c
Event: 7964.815 Thread 0x000000ceb8758800 Uncommon trap: reason=bimorphic_or_optimized_type_check action=maybe_recompile pc=0x000000cea1c48f8c method=com.android.tools.r8.internal.Yv.test(Ljava/lang/Object;)Z @ 2 c2
Event: 7964.815 Thread 0x000000ceb8758800 DEOPT PACKING pc=0x000000cea1c48f8c sp=0x000000cebd9698b0
Event: 7964.815 Thread 0x000000ceb8758800 DEOPT UNPACKING pc=0x000000ce98fd78af sp=0x000000cebd969838 mode 2
Event: 7964.815 Thread 0x000000ceb8758800 Uncommon trap: trap_request=0xffffffc6 fr.pc=0x000000cea1c4a304 relative=0x0000000000000064
Event: 7964.815 Thread 0x000000ceb8758800 Uncommon trap: reason=bimorphic_or_optimized_type_check action=maybe_recompile pc=0x000000cea1c4a304 method=com.android.tools.r8.internal.Fg.a(Lcom/android/tools/r8/graph/e;Lcom/android/tools/r8/graph/V0;Lcom/android/tools/r8/internal/Fg$b;)Z @ 1 c2
Event: 7964.815 Thread 0x000000ceb8758800 DEOPT PACKING pc=0x000000cea1c4a304 sp=0x000000cebd969660
Event: 7964.815 Thread 0x000000ceb8758800 DEOPT UNPACKING pc=0x000000ce98fd78af sp=0x000000cebd9695d0 mode 2
Event: 7964.815 Thread 0x000000ceb8758800 Uncommon trap: trap_request=0xffffffc6 fr.pc=0x000000cea1c4a604 relative=0x0000000000000064
Event: 7964.815 Thread 0x000000ceb8758800 Uncommon trap: reason=bimorphic_or_optimized_type_check action=maybe_recompile pc=0x000000cea1c4a604 method=com.android.tools.r8.internal.Fg.T0()Z @ 1 c2
Event: 7964.815 Thread 0x000000ceb8758800 DEOPT PACKING pc=0x000000cea1c4a604 sp=0x000000cebd9695d0
Event: 7964.815 Thread 0x000000ceb8758800 DEOPT UNPACKING pc=0x000000ce98fd78af sp=0x000000cebd969560 mode 2
Event: 7964.816 Thread 0x000000ceb8758800 Uncommon trap: trap_request=0xffffff4d fr.pc=0x000000cea1c48778 relative=0x00000000000000b8
Event: 7964.816 Thread 0x000000ceb8758800 Uncommon trap: reason=unstable_if action=reinterpret pc=0x000000cea1c48778 method=com.android.tools.r8.internal.NG.U()Z @ 17 c2
Event: 7964.816 Thread 0x000000ceb8758800 DEOPT PACKING pc=0x000000cea1c48778 sp=0x000000cebd969c50
Event: 7964.816 Thread 0x000000ceb8758800 DEOPT UNPACKING pc=0x000000ce98fd78af sp=0x000000cebd969be8 mode 2
Event: 7964.819 Thread 0x000000ceb8757000 Uncommon trap: trap_request=0xffffff4d fr.pc=0x000000cea166cc3c relative=0x00000000000000fc
Event: 7964.819 Thread 0x000000ceb8757000 Uncommon trap: reason=unstable_if action=reinterpret pc=0x000000cea166cc3c method=com.android.tools.r8.internal.Ne.hasNext()Z @ 21 c2
Event: 7964.819 Thread 0x000000ceb8757000 DEOPT PACKING pc=0x000000cea166cc3c sp=0x000000ceb9c49e50
Event: 7964.819 Thread 0x000000ceb8757000 DEOPT UNPACKING pc=0x000000ce98fd78af sp=0x000000ceb9c49de8 mode 2

Classes redefined (0 events):
No events

Internal exceptions (20 events):
Event: 7957.483 Thread 0x000000ceb3046000 Exception <a 'sun/nio/fs/WindowsException'{0x0000000091958c68}> (0x0000000091958c68) thrown at [./src/hotspot/share/prims/jni.cpp, line 615]
Event: 7957.484 Thread 0x000000ceb3046000 Exception <a 'sun/nio/fs/WindowsException'{0x000000009195ae98}> (0x000000009195ae98) thrown at [./src/hotspot/share/prims/jni.cpp, line 615]
Event: 7957.501 Thread 0x000000ceb3046000 Exception <a 'sun/nio/fs/WindowsException'{0x0000000091537528}> (0x0000000091537528) thrown at [./src/hotspot/share/prims/jni.cpp, line 615]
Event: 7957.504 Thread 0x000000ceb3046000 Exception <a 'sun/nio/fs/WindowsException'{0x000000009153e760}> (0x000000009153e760) thrown at [./src/hotspot/share/prims/jni.cpp, line 615]
Event: 7957.632 Thread 0x000000ceb3046000 Exception <a 'sun/nio/fs/WindowsException'{0x00000000914ea3d8}> (0x00000000914ea3d8) thrown at [./src/hotspot/share/prims/jni.cpp, line 615]
Event: 7957.636 Thread 0x000000ceb3046000 Exception <a 'sun/nio/fs/WindowsException'{0x00000000914f0f98}> (0x00000000914f0f98) thrown at [./src/hotspot/share/prims/jni.cpp, line 615]
Event: 7957.662 Thread 0x000000ceb3046000 Exception <a 'sun/nio/fs/WindowsException'{0x00000000912a2f08}> (0x00000000912a2f08) thrown at [./src/hotspot/share/prims/jni.cpp, line 615]
Event: 7957.666 Thread 0x000000ceb3046000 Exception <a 'sun/nio/fs/WindowsException'{0x00000000912a9750}> (0x00000000912a9750) thrown at [./src/hotspot/share/prims/jni.cpp, line 615]
Event: 7957.679 Thread 0x000000ceb3046000 Exception <a 'sun/nio/fs/WindowsException'{0x00000000912b9af0}> (0x00000000912b9af0) thrown at [./src/hotspot/share/prims/jni.cpp, line 615]
Event: 7961.829 Thread 0x000000ceb8758800 Exception <a 'sun/nio/fs/WindowsException'{0x00000000917b0e28}> (0x00000000917b0e28) thrown at [./src/hotspot/share/prims/jni.cpp, line 615]
Event: 7961.946 Thread 0x000000ceb8758000 Exception <a 'sun/nio/fs/WindowsException'{0x00000000921269e8}> (0x00000000921269e8) thrown at [./src/hotspot/share/prims/jni.cpp, line 615]
Event: 7961.957 Thread 0x000000ceb8757000 Exception <a 'sun/nio/fs/WindowsException'{0x0000000091b215f8}> (0x0000000091b215f8) thrown at [./src/hotspot/share/prims/jni.cpp, line 615]
Event: 7961.976 Thread 0x000000ceb8758000 Exception <a 'java/lang/NoSuchMethodError'{0x0000000092035618}: 'void java.lang.invoke.DirectMethodHandle$Holder.invokeStatic(java.lang.Object, java.lang.Object, int, java.lang.Object, java.lang.Object, java.lang.Object, java.lang.Object)'> (0x0000000092035618) thrown at [./src/hotspot/share/interpreter/linkResolver.cpp, line 773]
Event: 7961.976 Thread 0x000000ceb8757000 Exception <a 'java/lang/NoSuchMethodError'{0x0000000091b52418}: 'void java.lang.invoke.DirectMethodHandle$Holder.invokeStatic(java.lang.Object, java.lang.Object, int, java.lang.Object, java.lang.Object, java.lang.Object, java.lang.Object)'> (0x0000000091b52418) thrown at [./src/hotspot/share/interpreter/linkResolver.cpp, line 773]
Event: 7962.954 Thread 0x000000ceb8758800 Exception <a 'java/lang/IncompatibleClassChangeError'{0x0000000091ba7920}: Found class java.lang.Object, but interface was expected> (0x0000000091ba7920) thrown at [./src/hotspot/share/interpreter/linkResolver.cpp, line 839]
Event: 7963.755 Thread 0x000000ceb875a800 Exception <a 'sun/nio/fs/WindowsException'{0x0000000095e030b0}> (0x0000000095e030b0) thrown at [./src/hotspot/share/prims/jni.cpp, line 615]
Event: 7964.159 Thread 0x000000ceb8758000 Exception <a 'java/lang/NoSuchMethodError'{0x00000000953b6358}: 'java.lang.Object java.lang.invoke.Invokers$Holder.linkToTargetMethod(java.lang.Object, java.lang.Object, java.lang.Object, java.lang.Object, java.lang.Object, java.lang.Object, java.lang.Object, java.lang.Object)'> (0x00000000953b6358) thrown at [./src/hotspot/share/interpreter/linkResolver.cpp, line 773]
Event: 7964.368 Thread 0x000000ceb8758000 Implicit null exception at 0x000000cea1690192 to 0x000000cea169038c
Event: 7964.374 Thread 0x000000ceb8758000 Implicit null exception at 0x000000cea1690ddd to 0x000000cea1690f04
Event: 7964.733 Thread 0x000000ceb8758800 Implicit null exception at 0x000000cea1c382f6 to 0x000000cea1c384bc

Events (20 events):
Event: 7964.762 loading class com/android/tools/r8/internal/cw done
Event: 7964.777 loading class com/android/tools/r8/internal/Yv
Event: 7964.777 loading class com/android/tools/r8/internal/Yv done
Event: 7964.778 loading class com/android/tools/r8/internal/gw
Event: 7964.778 loading class com/android/tools/r8/internal/gw done
Event: 7964.815 loading class com/android/tools/r8/internal/Fg
Event: 7964.815 loading class com/android/tools/r8/internal/Fg done
Event: 7964.815 loading class com/android/tools/r8/internal/i2
Event: 7964.815 loading class com/android/tools/r8/internal/i2 done
Event: 7964.815 loading class com/android/tools/r8/internal/Yv
Event: 7964.815 loading class com/android/tools/r8/internal/Yv done
Event: 7964.819 loading class com/android/tools/r8/internal/v8
Event: 7964.819 loading class com/android/tools/r8/internal/v8 done
Event: 7964.822 Executing VM operation: ICBufferFull
Event: 7964.857 Executing VM operation: ICBufferFull done
Event: 7964.862 loading class com/android/tools/r8/internal/Mc
Event: 7964.862 loading class com/android/tools/r8/internal/Mc done
Event: 7964.868 loading class com/android/tools/r8/internal/Ze$a
Event: 7964.868 loading class com/android/tools/r8/internal/Ze$a done
Event: 7964.878 Executing VM operation: G1CollectForAllocation


Dynamic libraries:
0x00007ff694ea0000 - 0x00007ff694eaa000 	C:\Program Files\Android\Android Studio\jre\bin\java.exe
0x00007ffb63490000 - 0x00007ffb6363d000 	C:\Windows\SYSTEM32\ntdll.dll
0x00007ffb63220000 - 0x00007ffb6335f000 	C:\Windows\system32\KERNEL32.DLL
0x00007ffb60940000 - 0x00007ffb60a55000 	C:\Windows\system32\KERNELBASE.dll
0x00007ffb5d8e0000 - 0x00007ffb5d8f9000 	C:\Program Files\Android\Android Studio\jre\bin\jli.dll
0x00007ffb5d8c0000 - 0x00007ffb5d8d7000 	C:\Program Files\Android\Android Studio\jre\bin\VCRUNTIME140.dll
0x00007ffb5e460000 - 0x00007ffb5e464000 	C:\Windows\SYSTEM32\api-ms-win-crt-stdio-l1-1-0.dll
0x00007ffb5a100000 - 0x00007ffb5a104000 	C:\Windows\SYSTEM32\api-ms-win-crt-runtime-l1-1-0.dll
0x00007ffb4e110000 - 0x00007ffb4e113000 	C:\Windows\SYSTEM32\api-ms-win-crt-environment-l1-1-0.dll
0x00007ffb4da60000 - 0x00007ffb4da65000 	C:\Windows\SYSTEM32\api-ms-win-crt-math-l1-1-0.dll
0x00007ffb47370000 - 0x00007ffb47373000 	C:\Windows\SYSTEM32\api-ms-win-crt-locale-l1-1-0.dll
0x00007ffb4a2a0000 - 0x00007ffb4a2a3000 	C:\Windows\SYSTEM32\api-ms-win-crt-heap-l1-1-0.dll
0x00007ffb5e960000 - 0x00007ffb5ebdb000 	C:\Windows\WinSxS\amd64_microsoft.windows.common-controls_6595b64144ccf1df_6.0.9600.19394_none_62486577ecb635cf\COMCTL32.dll
0x00007ffb63030000 - 0x00007ffb631a7000 	C:\Windows\system32\USER32.dll
0x00007ffb4d9a0000 - 0x00007ffb4d9a3000 	C:\Windows\SYSTEM32\api-ms-win-crt-filesystem-l1-1-0.dll
0x00007ffb5e360000 - 0x00007ffb5e364000 	C:\Windows\SYSTEM32\api-ms-win-crt-string-l1-1-0.dll
0x00007ffb59c10000 - 0x00007ffb59c14000 	C:\Windows\SYSTEM32\api-ms-win-crt-convert-l1-1-0.dll
0x00007ffb60e60000 - 0x00007ffb60f0a000 	C:\Windows\system32\msvcrt.dll
0x00007ffb60f70000 - 0x00007ffb610be000 	C:\Windows\system32\GDI32.dll
0x00007ffb232a0000 - 0x00007ffb23394000 	C:\Windows\SYSTEM32\ucrtbase.DLL
0x00007ffb62ae0000 - 0x00007ffb62b16000 	C:\Windows\system32\IMM32.DLL
0x00007ffb60cf0000 - 0x00007ffb60e41000 	C:\Windows\system32\MSCTF.dll
0x00007ffb45bc0000 - 0x00007ffb45c5d000 	C:\Program Files\Android\Android Studio\jre\bin\msvcp140.dll
0x00007ffb423b0000 - 0x00007ffb423b5000 	C:\Windows\SYSTEM32\api-ms-win-crt-multibyte-l1-1-0.dll
0x00007ffb4b4a0000 - 0x00007ffb4b4a3000 	C:\Windows\SYSTEM32\api-ms-win-crt-time-l1-1-0.dll
0x00007ffb4e100000 - 0x00007ffb4e103000 	C:\Windows\SYSTEM32\api-ms-win-crt-utility-l1-1-0.dll
0x00007ffb233a0000 - 0x00007ffb23e6f000 	C:\Program Files\Android\Android Studio\jre\bin\server\jvm.dll
0x00007ffb62b60000 - 0x00007ffb62c0a000 	C:\Windows\system32\ADVAPI32.dll
0x00007ffb59990000 - 0x00007ffb59999000 	C:\Windows\SYSTEM32\WSOCK32.dll
0x00007ffb55100000 - 0x00007ffb55122000 	C:\Windows\SYSTEM32\WINMM.dll
0x00007ffb58040000 - 0x00007ffb5804a000 	C:\Windows\SYSTEM32\VERSION.dll
0x00007ffb63210000 - 0x00007ffb63217000 	C:\Windows\system32\PSAPI.DLL
0x00007ffb631b0000 - 0x00007ffb63208000 	C:\Windows\SYSTEM32\sechost.dll
0x00007ffb61190000 - 0x00007ffb612cf000 	C:\Windows\system32\RPCRT4.dll
0x00007ffb62fd0000 - 0x00007ffb6302a000 	C:\Windows\system32\WS2_32.dll
0x00007ffb550d0000 - 0x00007ffb550fa000 	C:\Windows\SYSTEM32\WINMMBASE.dll
0x00007ffb60680000 - 0x00007ffb606ae000 	C:\Windows\system32\SspiCli.dll
0x00007ffb60e50000 - 0x00007ffb60e59000 	C:\Windows\system32\NSI.dll
0x00007ffb606b0000 - 0x00007ffb606ff000 	C:\Windows\SYSTEM32\cfgmgr32.dll
0x00007ffb5f3f0000 - 0x00007ffb5f418000 	C:\Windows\SYSTEM32\DEVOBJ.dll
0x00007ffb47bb0000 - 0x00007ffb47bc1000 	C:\Program Files\Android\Android Studio\jre\bin\verify.dll
0x00007ffb56710000 - 0x00007ffb56899000 	C:\Windows\SYSTEM32\DBGHELP.DLL
0x00007ffb47b80000 - 0x00007ffb47ba9000 	C:\Program Files\Android\Android Studio\jre\bin\java.dll
0x00007ffb4a250000 - 0x00007ffb4a25b000 	C:\Program Files\Android\Android Studio\jre\bin\jimage.dll
0x00007ffb47b60000 - 0x00007ffb47b78000 	C:\Program Files\Android\Android Studio\jre\bin\zip.dll
0x00007ffb612d0000 - 0x00007ffb627fe000 	C:\Windows\system32\SHELL32.dll
0x00007ffb628c0000 - 0x00007ffb62ad1000 	C:\Windows\SYSTEM32\combase.dll
0x00007ffb60f10000 - 0x00007ffb60f64000 	C:\Windows\system32\SHLWAPI.dll
0x00007ffb5ee10000 - 0x00007ffb5eec2000 	C:\Windows\SYSTEM32\SHCORE.dll
0x00007ffb605b0000 - 0x00007ffb605c5000 	C:\Windows\SYSTEM32\profapi.dll
0x00007ffb3f200000 - 0x00007ffb3f21a000 	C:\Program Files\Android\Android Studio\jre\bin\net.dll
0x00007ffb57610000 - 0x00007ffb576d9000 	C:\Windows\SYSTEM32\WINHTTP.dll
0x00007ffb5fe50000 - 0x00007ffb5fea9000 	C:\Windows\system32\mswsock.dll
0x00007ffb30b20000 - 0x00007ffb30b34000 	C:\Program Files\Android\Android Studio\jre\bin\nio.dll
0x00007ffb22e70000 - 0x00007ffb22e97000 	C:\Users\Natty Rock\.gradle\native\8bec1ad78214c89d9ad589b4d07fe93259594b29d510b10fafb7a158f7737e5d\windows-amd64\native-platform.dll
0x00007ffb092d0000 - 0x00007ffb0940d000 	C:\Users\Natty Rock\.gradle\native\53dbd7edfb1c66fb8903c78663c9afc45aea4f116125fa6feffd364cf09443e8\windows-amd64\native-platform-file-events.dll
0x00007ffb48e20000 - 0x00007ffb48e2a000 	C:\Program Files\Android\Android Studio\jre\bin\management.dll
0x00007ffb47b50000 - 0x00007ffb47b5c000 	C:\Program Files\Android\Android Studio\jre\bin\management_ext.dll
0x00007ffb5feb0000 - 0x00007ffb5fed0000 	C:\Windows\SYSTEM32\CRYPTSP.dll
0x00007ffb5fad0000 - 0x00007ffb5fb06000 	C:\Windows\system32\rsaenh.dll
0x00007ffb600f0000 - 0x00007ffb60116000 	C:\Windows\SYSTEM32\bcrypt.dll
0x00007ffb5fbe0000 - 0x00007ffb5fc01000 	C:\Windows\SYSTEM32\USERENV.dll
0x00007ffb60410000 - 0x00007ffb60473000 	C:\Windows\system32\bcryptprimitives.dll
0x00007ffb60480000 - 0x00007ffb6048b000 	C:\Windows\SYSTEM32\CRYPTBASE.dll
0x00007ffb5b0f0000 - 0x00007ffb5b11a000 	C:\Windows\SYSTEM32\IPHLPAPI.DLL
0x00007ffb5ac40000 - 0x00007ffb5ac4a000 	C:\Windows\SYSTEM32\WINNSI.DLL
0x00007ffb5a5a0000 - 0x00007ffb5a5b6000 	C:\Windows\SYSTEM32\dhcpcsvc6.DLL
0x00007ffb5a680000 - 0x00007ffb5a69a000 	C:\Windows\SYSTEM32\dhcpcsvc.DLL

dbghelp: loaded successfully - version: 4.0.5 - missing functions: none
symbol engine: initialized successfully - sym options: 0x614 - pdb path: .;C:\Program Files\Android\Android Studio\jre\bin;C:\Windows\SYSTEM32;C:\Windows\WinSxS\amd64_microsoft.windows.common-controls_6595b64144ccf1df_6.0.9600.19394_none_62486577ecb635cf;C:\Program Files\Android\Android Studio\jre\bin\server;C:\Users\Natty Rock\.gradle\native\8bec1ad78214c89d9ad589b4d07fe93259594b29d510b10fafb7a158f7737e5d\windows-amd64;C:\Users\Natty Rock\.gradle\native\53dbd7edfb1c66fb8903c78663c9afc45aea4f116125fa6feffd364cf09443e8\windows-amd64

VM Arguments:
jvm_args: --add-opens=java.base/java.util=ALL-UNNAMED --add-opens=java.base/java.lang=ALL-UNNAMED --add-opens=java.base/java.lang.invoke=ALL-UNNAMED --add-opens=java.base/java.util=ALL-UNNAMED --add-opens=java.prefs/java.util.prefs=ALL-UNNAMED --add-opens=java.prefs/java.util.prefs=ALL-UNNAMED --add-opens=java.base/java.nio.charset=ALL-UNNAMED --add-opens=java.base/java.net=ALL-UNNAMED --add-opens=java.base/java.util.concurrent.atomic=ALL-UNNAMED -Xmx2048m -Dfile.encoding=UTF-8 -Duser.country=US -Duser.language=en -Duser.variant 
java_command: org.gradle.launcher.daemon.bootstrap.GradleDaemon 7.0.2
java_class_path (initial): C:\Users\Natty Rock\.gradle\wrapper\dists\gradle-7.0.2-bin\857tjihv64xamwrf0h14cai3r\gradle-7.0.2\lib\gradle-launcher-7.0.2.jar
Launcher Type: SUN_STANDARD

[Global flags]
     intx CICompilerCount                          = 3                                         {product} {ergonomic}
     uint ConcGCThreads                            = 1                                         {product} {ergonomic}
     uint G1ConcRefinementThreads                  = 4                                         {product} {ergonomic}
   size_t G1HeapRegionSize                         = 1048576                                   {product} {ergonomic}
    uintx GCDrainStackTargetSize                   = 64                                        {product} {ergonomic}
   size_t InitialHeapSize                          = 134217728                                 {product} {ergonomic}
   size_t MarkStackSize                            = 4194304                                   {product} {ergonomic}
   size_t MaxHeapSize                              = 2147483648                                {product} {command line}
   size_t MaxNewSize                               = 1287651328                                {product} {ergonomic}
   size_t MinHeapDeltaBytes                        = 1048576                                   {product} {ergonomic}
    uintx NonNMethodCodeHeapSize                   = 5830732                                {pd product} {ergonomic}
    uintx NonProfiledCodeHeapSize                  = 122913754                              {pd product} {ergonomic}
    uintx ProfiledCodeHeapSize                     = 122913754                              {pd product} {ergonomic}
    uintx ReservedCodeCacheSize                    = 251658240                              {pd product} {ergonomic}
     bool SegmentedCodeCache                       = true                                      {product} {ergonomic}
     bool UseCompressedClassPointers               = true                                 {lp64_product} {ergonomic}
     bool UseCompressedOops                        = true                                 {lp64_product} {ergonomic}
     bool UseG1GC                                  = true                                      {product} {ergonomic}
     bool UseLargePagesIndividualAllocation        = false                                  {pd product} {ergonomic}

Logging:
Log output configuration:
 #0: stdout all=warning uptime,level,tags
 #1: stderr all=off uptime,level,tags

Environment Variables:
PATH=C:\Program Files\Common Files\Oracle\Java\javapath;C:\Python39\Scripts\;C:\Python39\;C:\Program Files (x86)\NVIDIA Corporation\PhysX\Common;C:\Windows\system32;C:\Windows;C:\Windows\System32\Wbem;C:\Windows\System32\WindowsPowerShell\v1.0\;C:\ProgramData\chocolatey\bin;C:\Program Files\nodejs\;C:\xampp\php;C:\composer;C:\Program Files\Git\cmd;C:\Program Files\dotnet\;F:\Vue\InstalFiles\Microsoft VS Code\bin;C:\Users\Natty Rock\AppData\Roaming\npm;C:\Users\Natty Rock\AppData\Roaming\Composer\vendor\bin;C:\Users\Natty Rock\.dotnet\tools
USERNAME=Natty Rock
OS=Windows_NT
PROCESSOR_IDENTIFIER=Intel64 Family 6 Model 61 Stepping 4, GenuineIntel



---------------  S Y S T E M  ---------------

OS: Windows 8.1 , 64 bit Build 9600 (6.3.9600.19843)
OS uptime: 2 days 0:09 hours

CPU:total 4 (initial active 4) (2 cores per cpu, 2 threads per core) family 6 model 61 stepping 4 microcode 0x13, cmov, cx8, fxsr, mmx, sse, sse2, sse3, ssse3, sse4.1, sse4.2, popcnt, avx, avx2, aes, clmul, erms, 3dnowpref, lzcnt, ht, tsc, tscinvbit, bmi1, bmi2, adx, fma

Memory: 4k page, system-wide physical 8112M (548M free)
TotalPageFile size 11184M (AvailPageFile size 4M)
current process WorkingSet (physical memory assigned to process): 599M, peak: 604M
current process commit charge ("private bytes"): 1285M, peak: 1288M

vm_info: OpenJDK 64-Bit Server VM (11.0.10+0-b96-7249189) for windows-amd64 JRE (11.0.10+0-b96-7249189), built on Mar 31 2021 21:44:00 by "builder" with MS VC++ 14.0 (VS2015)

END.
